[1385982186.65] Converting :
CREATE TABLE cm_users (
  ID bigint(20) unsigned NOT NULL auto_increment,
  user_login varchar(60) NOT NULL default '',
  user_pass varchar(64) NOT NULL default '',
  user_nicename varchar(50) NOT NULL default '',
  user_email varchar(100) NOT NULL default '',
  user_url varchar(100) NOT NULL default '',
  user_registered datetime NOT NULL default '0000-00-00 00:00:00',
  user_activation_key varchar(60) NOT NULL default '',
  user_status int(11) NOT NULL default '0',
  display_name varchar(250) NOT NULL default '',
  PRIMARY KEY  (ID),
  KEY user_login_key (user_login),
  KEY user_nicename (user_nicename)
) DEFAULT CHARACTER SET utf8
---- to ----
CREATE TABLE test.cm_users (
  "ID" bigint  NOT NULL DEFAULT nextval('test.cm_users_seq'::text),
  user_login varchar(60) NOT NULL default '',
  user_pass varchar(64) NOT NULL default '',
  user_nicename varchar(50) NOT NULL default '',
  user_email varchar(100) NOT NULL default '',
  user_url varchar(100) NOT NULL default '',
  user_registered timestamp NOT NULL DEFAULT now(),
  user_activation_key varchar(60) NOT NULL default '',
  user_status int NOT NULL default '0',
  display_name varchar(250) NOT NULL default '',
  PRIMARY KEY  ( "ID" )
) ;
CREATE SEQUENCE test.cm_users_seq;
CREATE INDEX cm_users_user_login_key ON test.cm_users (user_login);
CREATE INDEX cm_users_user_nicename ON test.cm_users (user_nicename);
---------------------
[1385982186.68] Converting :
CREATE TABLE cm_usermeta (
  umeta_id bigint(20) unsigned NOT NULL auto_increment,
  user_id bigint(20) unsigned NOT NULL default '0',
  meta_key varchar(255) default NULL,
  meta_value longtext,
  PRIMARY KEY  (umeta_id),
  KEY user_id (user_id),
  KEY meta_key (meta_key)
) DEFAULT CHARACTER SET utf8
---- to ----
CREATE TABLE test.cm_usermeta (
  umeta_id bigint  NOT NULL DEFAULT nextval('test.cm_usermeta_seq'::text),
  user_id bigint  NOT NULL default '0',
  meta_key varchar(255) default NULL,
  meta_value text,
  PRIMARY KEY  (umeta_id)
) ;
CREATE SEQUENCE test.cm_usermeta_seq;
CREATE INDEX cm_usermeta_user_id ON test.cm_usermeta (user_id);
CREATE INDEX cm_usermeta_meta_key ON test.cm_usermeta (meta_key);
---------------------
[1385982186.71] Converting :
CREATE TABLE cm_terms (
 term_id bigint(20) unsigned NOT NULL auto_increment,
 name varchar(200) NOT NULL default '',
 slug varchar(200) NOT NULL default '',
 term_group bigint(10) NOT NULL default 0,
 PRIMARY KEY  (term_id),
 UNIQUE KEY slug (slug),
 KEY name (name)
) DEFAULT CHARACTER SET utf8
---- to ----
CREATE TABLE test.cm_terms (
 term_id bigint  NOT NULL DEFAULT nextval('test.cm_terms_seq'::text),
 name varchar(200) NOT NULL default '',
 slug varchar(200) NOT NULL default '',
 term_group int NOT NULL default 0,
 PRIMARY KEY  (term_id)
) ;
CREATE SEQUENCE test.cm_terms_seq;
CREATE UNIQUE INDEX cm_terms_slug ON test.cm_terms (slug);
CREATE INDEX cm_terms_name ON test.cm_terms (name);
---------------------
[1385982186.74] Converting :
CREATE TABLE cm_term_taxonomy (
 term_taxonomy_id bigint(20) unsigned NOT NULL auto_increment,
 term_id bigint(20) unsigned NOT NULL default 0,
 taxonomy varchar(32) NOT NULL default '',
 description longtext NOT NULL,
 parent bigint(20) unsigned NOT NULL default 0,
 count bigint(20) NOT NULL default 0,
 PRIMARY KEY  (term_taxonomy_id),
 UNIQUE KEY term_id_taxonomy (term_id,taxonomy),
 KEY taxonomy (taxonomy)
) DEFAULT CHARACTER SET utf8
---- to ----
CREATE TABLE test.cm_term_taxonomy (
 term_taxonomy_id bigint  NOT NULL DEFAULT nextval('test.cm_term_taxonomy_seq'::text),
 term_id bigint  NOT NULL default 0,
 taxonomy varchar(32) NOT NULL default '',
 description text NOT NULL,
 parent bigint  NOT NULL default 0,
 count bigint NOT NULL default 0,
 PRIMARY KEY  (term_taxonomy_id)
) ;
CREATE SEQUENCE test.cm_term_taxonomy_seq;
CREATE UNIQUE INDEX cm_term_taxonomy_term_id_taxonomy ON test.cm_term_taxonomy (term_id,taxonomy);
CREATE INDEX cm_term_taxonomy_taxonomy ON test.cm_term_taxonomy (taxonomy);
---------------------
[1385982186.76] Converting :
CREATE TABLE cm_term_relationships (
 object_id bigint(20) unsigned NOT NULL default 0,
 term_taxonomy_id bigint(20) unsigned NOT NULL default 0,
 term_order int(11) NOT NULL default 0,
 PRIMARY KEY  (object_id,term_taxonomy_id),
 KEY term_taxonomy_id (term_taxonomy_id)
) DEFAULT CHARACTER SET utf8
---- to ----
CREATE TABLE test.cm_term_relationships (
 object_id bigint  NOT NULL default 0,
 term_taxonomy_id bigint  NOT NULL default 0,
 term_order int NOT NULL default 0,
 PRIMARY KEY  (object_id,term_taxonomy_id)
) ;
CREATE INDEX cm_term_relationships_term_taxonomy_id ON test.cm_term_relationships (term_taxonomy_id);
---------------------
[1385982186.79] Converting :
CREATE TABLE cm_commentmeta (
  meta_id bigint(20) unsigned NOT NULL auto_increment,
  comment_id bigint(20) unsigned NOT NULL default '0',
  meta_key varchar(255) default NULL,
  meta_value longtext,
  PRIMARY KEY  (meta_id),
  KEY comment_id (comment_id),
  KEY meta_key (meta_key)
) DEFAULT CHARACTER SET utf8
---- to ----
CREATE TABLE test.cm_commentmeta (
  meta_id bigint  NOT NULL DEFAULT nextval('test.cm_commentmeta_seq'::text),
  comment_id bigint  NOT NULL default '0',
  meta_key varchar(255) default NULL,
  meta_value text,
  PRIMARY KEY  (meta_id)
) ;
CREATE SEQUENCE test.cm_commentmeta_seq;
CREATE INDEX cm_commentmeta_comment_id ON test.cm_commentmeta (comment_id);
CREATE INDEX cm_commentmeta_meta_key ON test.cm_commentmeta (meta_key);
---------------------
[1385982186.82] Converting :
CREATE TABLE cm_comments (
  comment_ID bigint(20) unsigned NOT NULL auto_increment,
  comment_post_ID bigint(20) unsigned NOT NULL default '0',
  comment_author tinytext NOT NULL,
  comment_author_email varchar(100) NOT NULL default '',
  comment_author_url varchar(200) NOT NULL default '',
  comment_author_IP varchar(100) NOT NULL default '',
  comment_date datetime NOT NULL default '0000-00-00 00:00:00',
  comment_date_gmt datetime NOT NULL default '0000-00-00 00:00:00',
  comment_content text NOT NULL,
  comment_karma int(11) NOT NULL default '0',
  comment_approved varchar(20) NOT NULL default '1',
  comment_agent varchar(255) NOT NULL default '',
  comment_type varchar(20) NOT NULL default '',
  comment_parent bigint(20) unsigned NOT NULL default '0',
  user_id bigint(20) unsigned NOT NULL default '0',
  PRIMARY KEY  (comment_ID),
  KEY comment_post_ID (comment_post_ID),
  KEY comment_approved_date_gmt (comment_approved,comment_date_gmt),
  KEY comment_date_gmt (comment_date_gmt),
  KEY comment_parent (comment_parent)
) DEFAULT CHARACTER SET utf8
---- to ----
CREATE TABLE test.cm_comments (
  "comment_ID" bigint  NOT NULL DEFAULT nextval('test.cm_comments_seq'::text),
  "comment_post_ID" bigint  NOT NULL default '0',
  comment_author text NOT NULL,
  comment_author_email varchar(100) NOT NULL default '',
  comment_author_url varchar(200) NOT NULL default '',
  comment_author_IP varchar(100) NOT NULL default '',
  comment_date timestamp NOT NULL DEFAULT now(),
  comment_date_gmt timestamp with time zone NOT NULL DEFAULT timezone('gmt'::text, now()),
  comment_content text NOT NULL,
  comment_karma int NOT NULL default '0',
  comment_approved varchar(20) NOT NULL default '1',
  comment_agent varchar(255) NOT NULL default '',
  comment_type varchar(20) NOT NULL default '',
  comment_parent bigint  NOT NULL default '0',
  user_id bigint  NOT NULL default '0',
  PRIMARY KEY  ("comment_ID" )
) ;
CREATE SEQUENCE test.cm_comments_seq;
CREATE INDEX "cm_comments_comment_post_ID" ON test.cm_comments ("comment_post_ID" );
CREATE INDEX cm_comments_comment_approved_date_gmt ON test.cm_comments (comment_approved,comment_date_gmt);
CREATE INDEX cm_comments_comment_date_gmt ON test.cm_comments (comment_date_gmt);
CREATE INDEX cm_comments_comment_parent ON test.cm_comments (comment_parent);
---------------------
[1385982186.85] Converting :
CREATE TABLE cm_links (
  link_id bigint(20) unsigned NOT NULL auto_increment,
  link_url varchar(255) NOT NULL default '',
  link_name varchar(255) NOT NULL default '',
  link_image varchar(255) NOT NULL default '',
  link_target varchar(25) NOT NULL default '',
  link_description varchar(255) NOT NULL default '',
  link_visible varchar(20) NOT NULL default 'Y',
  link_owner bigint(20) unsigned NOT NULL default '1',
  link_rating int(11) NOT NULL default '0',
  link_updated datetime NOT NULL default '0000-00-00 00:00:00',
  link_rel varchar(255) NOT NULL default '',
  link_notes mediumtext NOT NULL,
  link_rss varchar(255) NOT NULL default '',
  PRIMARY KEY  (link_id),
  KEY link_visible (link_visible)
) DEFAULT CHARACTER SET utf8
---- to ----
CREATE TABLE test.cm_links (
  link_id bigint  NOT NULL DEFAULT nextval('test.cm_links_seq'::text),
  link_url varchar(255) NOT NULL default '',
  link_name varchar(255) NOT NULL default '',
  link_image varchar(255) NOT NULL default '',
  link_target varchar(25) NOT NULL default '',
  link_description varchar(255) NOT NULL default '',
  link_visible varchar(20) NOT NULL default 'Y',
  link_owner bigint  NOT NULL default '1',
  link_rating int NOT NULL default '0',
  link_updated timestamp NOT NULL DEFAULT now(),
  link_rel varchar(255) NOT NULL default '',
  link_notes text NOT NULL,
  link_rss varchar(255) NOT NULL default '',
  PRIMARY KEY  (link_id)
) ;
CREATE SEQUENCE test.cm_links_seq;
CREATE INDEX cm_links_link_visible ON test.cm_links (link_visible);
---------------------
[1385982186.87] Converting :
CREATE TABLE cm_options (
  option_id bigint(20) unsigned NOT NULL auto_increment,
  option_name varchar(64) NOT NULL default '',
  option_value longtext NOT NULL,
  autoload varchar(20) NOT NULL default 'yes',
  PRIMARY KEY  (option_id),
  UNIQUE KEY option_name (option_name)
) DEFAULT CHARACTER SET utf8
---- to ----
CREATE TABLE test.cm_options (
  option_id bigint  NOT NULL DEFAULT nextval('test.cm_options_seq'::text),
  option_name varchar(64) NOT NULL default '',
  option_value text NOT NULL,
  autoload varchar(20) NOT NULL default 'yes',
  PRIMARY KEY  (option_id)
) ;
CREATE SEQUENCE test.cm_options_seq;
CREATE UNIQUE INDEX cm_options_option_name ON test.cm_options (option_name);
---------------------
[1385982186.9] Converting :
CREATE TABLE cm_postmeta (
  meta_id bigint(20) unsigned NOT NULL auto_increment,
  post_id bigint(20) unsigned NOT NULL default '0',
  meta_key varchar(255) default NULL,
  meta_value longtext,
  PRIMARY KEY  (meta_id),
  KEY post_id (post_id),
  KEY meta_key (meta_key)
) DEFAULT CHARACTER SET utf8
---- to ----
CREATE TABLE test.cm_postmeta (
  meta_id bigint  NOT NULL DEFAULT nextval('test.cm_postmeta_seq'::text),
  post_id bigint  NOT NULL default '0',
  meta_key varchar(255) default NULL,
  meta_value text,
  PRIMARY KEY  (meta_id)
) ;
CREATE SEQUENCE test.cm_postmeta_seq;
CREATE INDEX cm_postmeta_post_id ON test.cm_postmeta (post_id);
CREATE INDEX cm_postmeta_meta_key ON test.cm_postmeta (meta_key);
---------------------
[1385982186.94] Converting :
CREATE TABLE cm_posts (
  ID bigint(20) unsigned NOT NULL auto_increment,
  post_author bigint(20) unsigned NOT NULL default '0',
  post_date datetime NOT NULL default '0000-00-00 00:00:00',
  post_date_gmt datetime NOT NULL default '0000-00-00 00:00:00',
  post_content longtext NOT NULL,
  post_title text NOT NULL,
  post_excerpt text NOT NULL,
  post_status varchar(20) NOT NULL default 'publish',
  comment_status varchar(20) NOT NULL default 'open',
  ping_status varchar(20) NOT NULL default 'open',
  post_password varchar(20) NOT NULL default '',
  post_name varchar(200) NOT NULL default '',
  to_ping text NOT NULL,
  pinged text NOT NULL,
  post_modified datetime NOT NULL default '0000-00-00 00:00:00',
  post_modified_gmt datetime NOT NULL default '0000-00-00 00:00:00',
  post_content_filtered longtext NOT NULL,
  post_parent bigint(20) unsigned NOT NULL default '0',
  guid varchar(255) NOT NULL default '',
  menu_order int(11) NOT NULL default '0',
  post_type varchar(20) NOT NULL default 'post',
  post_mime_type varchar(100) NOT NULL default '',
  comment_count bigint(20) NOT NULL default '0',
  PRIMARY KEY  (ID),
  KEY post_name (post_name),
  KEY type_status_date (post_type,post_status,post_date,ID),
  KEY post_parent (post_parent),
  KEY post_author (post_author)
) DEFAULT CHARACTER SET utf8
---- to ----
CREATE TABLE test.cm_posts (
  "ID" bigint  NOT NULL DEFAULT nextval('test.cm_posts_seq'::text),
  post_author bigint  NOT NULL default '0',
  post_date timestamp NOT NULL DEFAULT now(),
  post_date_gmt timestamp with time zone NOT NULL DEFAULT timezone('gmt'::text, now()),
  post_content text NOT NULL,
  post_title text NOT NULL,
  post_excerpt text NOT NULL,
  post_status varchar(20) NOT NULL default 'publish',
  comment_status varchar(20) NOT NULL default 'open',
  ping_status varchar(20) NOT NULL default 'open',
  post_password varchar(20) NOT NULL default '',
  post_name varchar(200) NOT NULL default '',
  to_ping text NOT NULL,
  pinged text NOT NULL,
  post_modified timestamp NOT NULL DEFAULT now(),
  post_modified_gmt timestamp with time zone NOT NULL DEFAULT timezone('gmt'::text, now()),
  post_content_filtered text NOT NULL,
  post_parent bigint  NOT NULL default '0',
  guid varchar(255) NOT NULL default '',
  menu_order int NOT NULL default '0',
  post_type varchar(20) NOT NULL default 'post',
  post_mime_type varchar(100) NOT NULL default '',
  comment_count bigint NOT NULL default '0',
  PRIMARY KEY  ( "ID" )
) ;
CREATE SEQUENCE test.cm_posts_seq;
CREATE INDEX cm_posts_post_name ON test.cm_posts (post_name);
CREATE INDEX cm_posts_type_status_date ON test.cm_posts (post_type,post_status,post_date, "ID" );
CREATE INDEX cm_posts_post_parent ON test.cm_posts (post_parent);
CREATE INDEX cm_posts_post_author ON test.cm_posts (post_author);
---------------------
[1385982666.3] Converting :
CREATE TABLE cm_users (
  ID bigint(20) unsigned NOT NULL auto_increment,
  user_login varchar(60) NOT NULL default '',
  user_pass varchar(64) NOT NULL default '',
  user_nicename varchar(50) NOT NULL default '',
  user_email varchar(100) NOT NULL default '',
  user_url varchar(100) NOT NULL default '',
  user_registered datetime NOT NULL default '0000-00-00 00:00:00',
  user_activation_key varchar(60) NOT NULL default '',
  user_status int(11) NOT NULL default '0',
  display_name varchar(250) NOT NULL default '',
  PRIMARY KEY  (ID),
  KEY user_login_key (user_login),
  KEY user_nicename (user_nicename)
) DEFAULT CHARACTER SET utf8
---- to ----
CREATE TABLE test.cm_users (
  "ID" bigint  NOT NULL DEFAULT nextval('test.cm_users_seq'::text),
  user_login varchar(60) NOT NULL default '',
  user_pass varchar(64) NOT NULL default '',
  user_nicename varchar(50) NOT NULL default '',
  user_email varchar(100) NOT NULL default '',
  user_url varchar(100) NOT NULL default '',
  user_registered timestamp NOT NULL DEFAULT now(),
  user_activation_key varchar(60) NOT NULL default '',
  user_status int NOT NULL default '0',
  display_name varchar(250) NOT NULL default '',
  PRIMARY KEY  ( "ID" )
) ;
CREATE SEQUENCE test.cm_users_seq;
CREATE INDEX cm_users_user_login_key ON test.cm_users (user_login);
CREATE INDEX cm_users_user_nicename ON test.cm_users (user_nicename);
---------------------
[1385982666.32] Converting :
CREATE TABLE cm_usermeta (
  umeta_id bigint(20) unsigned NOT NULL auto_increment,
  user_id bigint(20) unsigned NOT NULL default '0',
  meta_key varchar(255) default NULL,
  meta_value longtext,
  PRIMARY KEY  (umeta_id),
  KEY user_id (user_id),
  KEY meta_key (meta_key)
) DEFAULT CHARACTER SET utf8
---- to ----
CREATE TABLE test.cm_usermeta (
  umeta_id bigint  NOT NULL DEFAULT nextval('test.cm_usermeta_seq'::text),
  user_id bigint  NOT NULL default '0',
  meta_key varchar(255) default NULL,
  meta_value text,
  PRIMARY KEY  (umeta_id)
) ;
CREATE SEQUENCE test.cm_usermeta_seq;
CREATE INDEX cm_usermeta_user_id ON test.cm_usermeta (user_id);
CREATE INDEX cm_usermeta_meta_key ON test.cm_usermeta (meta_key);
---------------------
[1385982666.35] Converting :
CREATE TABLE cm_terms (
 term_id bigint(20) unsigned NOT NULL auto_increment,
 name varchar(200) NOT NULL default '',
 slug varchar(200) NOT NULL default '',
 term_group bigint(10) NOT NULL default 0,
 PRIMARY KEY  (term_id),
 UNIQUE KEY slug (slug),
 KEY name (name)
) DEFAULT CHARACTER SET utf8
---- to ----
CREATE TABLE test.cm_terms (
 term_id bigint  NOT NULL DEFAULT nextval('test.cm_terms_seq'::text),
 name varchar(200) NOT NULL default '',
 slug varchar(200) NOT NULL default '',
 term_group int NOT NULL default 0,
 PRIMARY KEY  (term_id)
) ;
CREATE SEQUENCE test.cm_terms_seq;
CREATE UNIQUE INDEX cm_terms_slug ON test.cm_terms (slug);
CREATE INDEX cm_terms_name ON test.cm_terms (name);
---------------------
[1385982666.38] Converting :
CREATE TABLE cm_term_taxonomy (
 term_taxonomy_id bigint(20) unsigned NOT NULL auto_increment,
 term_id bigint(20) unsigned NOT NULL default 0,
 taxonomy varchar(32) NOT NULL default '',
 description longtext NOT NULL,
 parent bigint(20) unsigned NOT NULL default 0,
 count bigint(20) NOT NULL default 0,
 PRIMARY KEY  (term_taxonomy_id),
 UNIQUE KEY term_id_taxonomy (term_id,taxonomy),
 KEY taxonomy (taxonomy)
) DEFAULT CHARACTER SET utf8
---- to ----
CREATE TABLE test.cm_term_taxonomy (
 term_taxonomy_id bigint  NOT NULL DEFAULT nextval('test.cm_term_taxonomy_seq'::text),
 term_id bigint  NOT NULL default 0,
 taxonomy varchar(32) NOT NULL default '',
 description text NOT NULL,
 parent bigint  NOT NULL default 0,
 count bigint NOT NULL default 0,
 PRIMARY KEY  (term_taxonomy_id)
) ;
CREATE SEQUENCE test.cm_term_taxonomy_seq;
CREATE UNIQUE INDEX cm_term_taxonomy_term_id_taxonomy ON test.cm_term_taxonomy (term_id,taxonomy);
CREATE INDEX cm_term_taxonomy_taxonomy ON test.cm_term_taxonomy (taxonomy);
---------------------
[1385982666.41] Converting :
CREATE TABLE cm_term_relationships (
 object_id bigint(20) unsigned NOT NULL default 0,
 term_taxonomy_id bigint(20) unsigned NOT NULL default 0,
 term_order int(11) NOT NULL default 0,
 PRIMARY KEY  (object_id,term_taxonomy_id),
 KEY term_taxonomy_id (term_taxonomy_id)
) DEFAULT CHARACTER SET utf8
---- to ----
CREATE TABLE test.cm_term_relationships (
 object_id bigint  NOT NULL default 0,
 term_taxonomy_id bigint  NOT NULL default 0,
 term_order int NOT NULL default 0,
 PRIMARY KEY  (object_id,term_taxonomy_id)
) ;
CREATE INDEX cm_term_relationships_term_taxonomy_id ON test.cm_term_relationships (term_taxonomy_id);
---------------------
[1385982666.43] Converting :
CREATE TABLE cm_commentmeta (
  meta_id bigint(20) unsigned NOT NULL auto_increment,
  comment_id bigint(20) unsigned NOT NULL default '0',
  meta_key varchar(255) default NULL,
  meta_value longtext,
  PRIMARY KEY  (meta_id),
  KEY comment_id (comment_id),
  KEY meta_key (meta_key)
) DEFAULT CHARACTER SET utf8
---- to ----
CREATE TABLE test.cm_commentmeta (
  meta_id bigint  NOT NULL DEFAULT nextval('test.cm_commentmeta_seq'::text),
  comment_id bigint  NOT NULL default '0',
  meta_key varchar(255) default NULL,
  meta_value text,
  PRIMARY KEY  (meta_id)
) ;
CREATE SEQUENCE test.cm_commentmeta_seq;
CREATE INDEX cm_commentmeta_comment_id ON test.cm_commentmeta (comment_id);
CREATE INDEX cm_commentmeta_meta_key ON test.cm_commentmeta (meta_key);
---------------------
[1385982666.46] Converting :
CREATE TABLE cm_comments (
  comment_ID bigint(20) unsigned NOT NULL auto_increment,
  comment_post_ID bigint(20) unsigned NOT NULL default '0',
  comment_author tinytext NOT NULL,
  comment_author_email varchar(100) NOT NULL default '',
  comment_author_url varchar(200) NOT NULL default '',
  comment_author_IP varchar(100) NOT NULL default '',
  comment_date datetime NOT NULL default '0000-00-00 00:00:00',
  comment_date_gmt datetime NOT NULL default '0000-00-00 00:00:00',
  comment_content text NOT NULL,
  comment_karma int(11) NOT NULL default '0',
  comment_approved varchar(20) NOT NULL default '1',
  comment_agent varchar(255) NOT NULL default '',
  comment_type varchar(20) NOT NULL default '',
  comment_parent bigint(20) unsigned NOT NULL default '0',
  user_id bigint(20) unsigned NOT NULL default '0',
  PRIMARY KEY  (comment_ID),
  KEY comment_post_ID (comment_post_ID),
  KEY comment_approved_date_gmt (comment_approved,comment_date_gmt),
  KEY comment_date_gmt (comment_date_gmt),
  KEY comment_parent (comment_parent)
) DEFAULT CHARACTER SET utf8
---- to ----
CREATE TABLE test.cm_comments (
  "comment_ID" bigint  NOT NULL DEFAULT nextval('test.cm_comments_seq'::text),
  "comment_post_ID" bigint  NOT NULL default '0',
  comment_author text NOT NULL,
  comment_author_email varchar(100) NOT NULL default '',
  comment_author_url varchar(200) NOT NULL default '',
  comment_author_IP varchar(100) NOT NULL default '',
  comment_date timestamp NOT NULL DEFAULT now(),
  comment_date_gmt timestamp with time zone NOT NULL DEFAULT timezone('gmt'::text, now()),
  comment_content text NOT NULL,
  comment_karma int NOT NULL default '0',
  comment_approved varchar(20) NOT NULL default '1',
  comment_agent varchar(255) NOT NULL default '',
  comment_type varchar(20) NOT NULL default '',
  comment_parent bigint  NOT NULL default '0',
  user_id bigint  NOT NULL default '0',
  PRIMARY KEY  ("comment_ID" )
) ;
CREATE SEQUENCE test.cm_comments_seq;
CREATE INDEX "cm_comments_comment_post_ID" ON test.cm_comments ("comment_post_ID" );
CREATE INDEX cm_comments_comment_approved_date_gmt ON test.cm_comments (comment_approved,comment_date_gmt);
CREATE INDEX cm_comments_comment_date_gmt ON test.cm_comments (comment_date_gmt);
CREATE INDEX cm_comments_comment_parent ON test.cm_comments (comment_parent);
---------------------
[1385982666.49] Converting :
CREATE TABLE cm_links (
  link_id bigint(20) unsigned NOT NULL auto_increment,
  link_url varchar(255) NOT NULL default '',
  link_name varchar(255) NOT NULL default '',
  link_image varchar(255) NOT NULL default '',
  link_target varchar(25) NOT NULL default '',
  link_description varchar(255) NOT NULL default '',
  link_visible varchar(20) NOT NULL default 'Y',
  link_owner bigint(20) unsigned NOT NULL default '1',
  link_rating int(11) NOT NULL default '0',
  link_updated datetime NOT NULL default '0000-00-00 00:00:00',
  link_rel varchar(255) NOT NULL default '',
  link_notes mediumtext NOT NULL,
  link_rss varchar(255) NOT NULL default '',
  PRIMARY KEY  (link_id),
  KEY link_visible (link_visible)
) DEFAULT CHARACTER SET utf8
---- to ----
CREATE TABLE test.cm_links (
  link_id bigint  NOT NULL DEFAULT nextval('test.cm_links_seq'::text),
  link_url varchar(255) NOT NULL default '',
  link_name varchar(255) NOT NULL default '',
  link_image varchar(255) NOT NULL default '',
  link_target varchar(25) NOT NULL default '',
  link_description varchar(255) NOT NULL default '',
  link_visible varchar(20) NOT NULL default 'Y',
  link_owner bigint  NOT NULL default '1',
  link_rating int NOT NULL default '0',
  link_updated timestamp NOT NULL DEFAULT now(),
  link_rel varchar(255) NOT NULL default '',
  link_notes text NOT NULL,
  link_rss varchar(255) NOT NULL default '',
  PRIMARY KEY  (link_id)
) ;
CREATE SEQUENCE test.cm_links_seq;
CREATE INDEX cm_links_link_visible ON test.cm_links (link_visible);
---------------------
[1385982666.52] Converting :
CREATE TABLE cm_options (
  option_id bigint(20) unsigned NOT NULL auto_increment,
  option_name varchar(64) NOT NULL default '',
  option_value longtext NOT NULL,
  autoload varchar(20) NOT NULL default 'yes',
  PRIMARY KEY  (option_id),
  UNIQUE KEY option_name (option_name)
) DEFAULT CHARACTER SET utf8
---- to ----
CREATE TABLE test.cm_options (
  option_id bigint  NOT NULL DEFAULT nextval('test.cm_options_seq'::text),
  option_name varchar(64) NOT NULL default '',
  option_value text NOT NULL,
  autoload varchar(20) NOT NULL default 'yes',
  PRIMARY KEY  (option_id)
) ;
CREATE SEQUENCE test.cm_options_seq;
CREATE UNIQUE INDEX cm_options_option_name ON test.cm_options (option_name);
---------------------
[1385982666.55] Converting :
CREATE TABLE cm_postmeta (
  meta_id bigint(20) unsigned NOT NULL auto_increment,
  post_id bigint(20) unsigned NOT NULL default '0',
  meta_key varchar(255) default NULL,
  meta_value longtext,
  PRIMARY KEY  (meta_id),
  KEY post_id (post_id),
  KEY meta_key (meta_key)
) DEFAULT CHARACTER SET utf8
---- to ----
CREATE TABLE test.cm_postmeta (
  meta_id bigint  NOT NULL DEFAULT nextval('test.cm_postmeta_seq'::text),
  post_id bigint  NOT NULL default '0',
  meta_key varchar(255) default NULL,
  meta_value text,
  PRIMARY KEY  (meta_id)
) ;
CREATE SEQUENCE test.cm_postmeta_seq;
CREATE INDEX cm_postmeta_post_id ON test.cm_postmeta (post_id);
CREATE INDEX cm_postmeta_meta_key ON test.cm_postmeta (meta_key);
---------------------
[1385982666.58] Converting :
CREATE TABLE cm_posts (
  ID bigint(20) unsigned NOT NULL auto_increment,
  post_author bigint(20) unsigned NOT NULL default '0',
  post_date datetime NOT NULL default '0000-00-00 00:00:00',
  post_date_gmt datetime NOT NULL default '0000-00-00 00:00:00',
  post_content longtext NOT NULL,
  post_title text NOT NULL,
  post_excerpt text NOT NULL,
  post_status varchar(20) NOT NULL default 'publish',
  comment_status varchar(20) NOT NULL default 'open',
  ping_status varchar(20) NOT NULL default 'open',
  post_password varchar(20) NOT NULL default '',
  post_name varchar(200) NOT NULL default '',
  to_ping text NOT NULL,
  pinged text NOT NULL,
  post_modified datetime NOT NULL default '0000-00-00 00:00:00',
  post_modified_gmt datetime NOT NULL default '0000-00-00 00:00:00',
  post_content_filtered longtext NOT NULL,
  post_parent bigint(20) unsigned NOT NULL default '0',
  guid varchar(255) NOT NULL default '',
  menu_order int(11) NOT NULL default '0',
  post_type varchar(20) NOT NULL default 'post',
  post_mime_type varchar(100) NOT NULL default '',
  comment_count bigint(20) NOT NULL default '0',
  PRIMARY KEY  (ID),
  KEY post_name (post_name),
  KEY type_status_date (post_type,post_status,post_date,ID),
  KEY post_parent (post_parent),
  KEY post_author (post_author)
) DEFAULT CHARACTER SET utf8
---- to ----
CREATE TABLE test.cm_posts (
  "ID" bigint  NOT NULL DEFAULT nextval('test.cm_posts_seq'::text),
  post_author bigint  NOT NULL default '0',
  post_date timestamp NOT NULL DEFAULT now(),
  post_date_gmt timestamp with time zone NOT NULL DEFAULT timezone('gmt'::text, now()),
  post_content text NOT NULL,
  post_title text NOT NULL,
  post_excerpt text NOT NULL,
  post_status varchar(20) NOT NULL default 'publish',
  comment_status varchar(20) NOT NULL default 'open',
  ping_status varchar(20) NOT NULL default 'open',
  post_password varchar(20) NOT NULL default '',
  post_name varchar(200) NOT NULL default '',
  to_ping text NOT NULL,
  pinged text NOT NULL,
  post_modified timestamp NOT NULL DEFAULT now(),
  post_modified_gmt timestamp with time zone NOT NULL DEFAULT timezone('gmt'::text, now()),
  post_content_filtered text NOT NULL,
  post_parent bigint  NOT NULL default '0',
  guid varchar(255) NOT NULL default '',
  menu_order int NOT NULL default '0',
  post_type varchar(20) NOT NULL default 'post',
  post_mime_type varchar(100) NOT NULL default '',
  comment_count bigint NOT NULL default '0',
  PRIMARY KEY  ( "ID" )
) ;
CREATE SEQUENCE test.cm_posts_seq;
CREATE INDEX cm_posts_post_name ON test.cm_posts (post_name);
CREATE INDEX cm_posts_type_status_date ON test.cm_posts (post_type,post_status,post_date, "ID" );
CREATE INDEX cm_posts_post_parent ON test.cm_posts (post_parent);
CREATE INDEX cm_posts_post_author ON test.cm_posts (post_author);
---------------------
