[1385982186.32] Converting :
DESCRIBE cm_users;
---- to ----
SELECT pg_attribute.attname AS "Field",
		CASE pg_type.typname
		WHEN 'int2' THEN 'int(4)'
		WHEN 'int4' THEN 'int(11)'
		WHEN 'int8' THEN 'bigint(20) unsigned'
		WHEN 'varchar' THEN 'varchar(' || pg_attribute.atttypmod-4 || ')'
		WHEN 'timestamp' THEN 'datetime'
		WHEN 'text' THEN 'longtext'
		ELSE pg_type.typname
		END AS "Type",
		CASE WHEN pg_attribute.attnotnull THEN ''
		ELSE 'YES'
		END AS "Null",
		CASE pg_type.typname
		WHEN 'varchar' THEN substring(pg_attrdef.adsrc FROM '^''(.*)''.*$')
		WHEN 'timestamp' THEN CASE WHEN pg_attrdef.adsrc LIKE '%now()%' THEN '0000-00-00 00:00:00' ELSE pg_attrdef.adsrc END
		ELSE pg_attrdef.adsrc
		END AS "Default"
		FROM pg_class
		INNER JOIN pg_attribute
		ON (pg_class.oid=pg_attribute.attrelid)
		INNER JOIN pg_type
		ON (pg_attribute.atttypid=pg_type.oid)
		LEFT JOIN pg_attrdef
		ON (pg_class.oid=pg_attrdef.adrelid AND pg_attribute.attnum=pg_attrdef.adnum)
		WHERE pg_class.relname='test.cm_users' AND pg_attribute.attnum>=1 AND NOT pg_attribute.attisdropped;
---------------------
[1385982186.32] Converting :
DESCRIBE cm_usermeta;
---- to ----
SELECT pg_attribute.attname AS "Field",
		CASE pg_type.typname
		WHEN 'int2' THEN 'int(4)'
		WHEN 'int4' THEN 'int(11)'
		WHEN 'int8' THEN 'bigint(20) unsigned'
		WHEN 'varchar' THEN 'varchar(' || pg_attribute.atttypmod-4 || ')'
		WHEN 'timestamp' THEN 'datetime'
		WHEN 'text' THEN 'longtext'
		ELSE pg_type.typname
		END AS "Type",
		CASE WHEN pg_attribute.attnotnull THEN ''
		ELSE 'YES'
		END AS "Null",
		CASE pg_type.typname
		WHEN 'varchar' THEN substring(pg_attrdef.adsrc FROM '^''(.*)''.*$')
		WHEN 'timestamp' THEN CASE WHEN pg_attrdef.adsrc LIKE '%now()%' THEN '0000-00-00 00:00:00' ELSE pg_attrdef.adsrc END
		ELSE pg_attrdef.adsrc
		END AS "Default"
		FROM pg_class
		INNER JOIN pg_attribute
		ON (pg_class.oid=pg_attribute.attrelid)
		INNER JOIN pg_type
		ON (pg_attribute.atttypid=pg_type.oid)
		LEFT JOIN pg_attrdef
		ON (pg_class.oid=pg_attrdef.adrelid AND pg_attribute.attnum=pg_attrdef.adnum)
		WHERE pg_class.relname='test.cm_usermeta' AND pg_attribute.attnum>=1 AND NOT pg_attribute.attisdropped;
---------------------
[1385982186.33] Converting :
DESCRIBE cm_posts;
---- to ----
SELECT pg_attribute.attname AS "Field",
		CASE pg_type.typname
		WHEN 'int2' THEN 'int(4)'
		WHEN 'int4' THEN 'int(11)'
		WHEN 'int8' THEN 'bigint(20) unsigned'
		WHEN 'varchar' THEN 'varchar(' || pg_attribute.atttypmod-4 || ')'
		WHEN 'timestamp' THEN 'datetime'
		WHEN 'text' THEN 'longtext'
		ELSE pg_type.typname
		END AS "Type",
		CASE WHEN pg_attribute.attnotnull THEN ''
		ELSE 'YES'
		END AS "Null",
		CASE pg_type.typname
		WHEN 'varchar' THEN substring(pg_attrdef.adsrc FROM '^''(.*)''.*$')
		WHEN 'timestamp' THEN CASE WHEN pg_attrdef.adsrc LIKE '%now()%' THEN '0000-00-00 00:00:00' ELSE pg_attrdef.adsrc END
		ELSE pg_attrdef.adsrc
		END AS "Default"
		FROM pg_class
		INNER JOIN pg_attribute
		ON (pg_class.oid=pg_attribute.attrelid)
		INNER JOIN pg_type
		ON (pg_attribute.atttypid=pg_type.oid)
		LEFT JOIN pg_attrdef
		ON (pg_class.oid=pg_attrdef.adrelid AND pg_attribute.attnum=pg_attrdef.adnum)
		WHERE pg_class.relname='test.cm_posts' AND pg_attribute.attnum>=1 AND NOT pg_attribute.attisdropped;
---------------------
[1385982186.33] Converting :
DESCRIBE cm_comments;
---- to ----
SELECT pg_attribute.attname AS "Field",
		CASE pg_type.typname
		WHEN 'int2' THEN 'int(4)'
		WHEN 'int4' THEN 'int(11)'
		WHEN 'int8' THEN 'bigint(20) unsigned'
		WHEN 'varchar' THEN 'varchar(' || pg_attribute.atttypmod-4 || ')'
		WHEN 'timestamp' THEN 'datetime'
		WHEN 'text' THEN 'longtext'
		ELSE pg_type.typname
		END AS "Type",
		CASE WHEN pg_attribute.attnotnull THEN ''
		ELSE 'YES'
		END AS "Null",
		CASE pg_type.typname
		WHEN 'varchar' THEN substring(pg_attrdef.adsrc FROM '^''(.*)''.*$')
		WHEN 'timestamp' THEN CASE WHEN pg_attrdef.adsrc LIKE '%now()%' THEN '0000-00-00 00:00:00' ELSE pg_attrdef.adsrc END
		ELSE pg_attrdef.adsrc
		END AS "Default"
		FROM pg_class
		INNER JOIN pg_attribute
		ON (pg_class.oid=pg_attribute.attrelid)
		INNER JOIN pg_type
		ON (pg_attribute.atttypid=pg_type.oid)
		LEFT JOIN pg_attrdef
		ON (pg_class.oid=pg_attrdef.adrelid AND pg_attribute.attnum=pg_attrdef.adnum)
		WHERE pg_class.relname='test.cm_comments' AND pg_attribute.attnum>=1 AND NOT pg_attribute.attisdropped;
---------------------
[1385982186.33] Converting :
DESCRIBE cm_links;
---- to ----
SELECT pg_attribute.attname AS "Field",
		CASE pg_type.typname
		WHEN 'int2' THEN 'int(4)'
		WHEN 'int4' THEN 'int(11)'
		WHEN 'int8' THEN 'bigint(20) unsigned'
		WHEN 'varchar' THEN 'varchar(' || pg_attribute.atttypmod-4 || ')'
		WHEN 'timestamp' THEN 'datetime'
		WHEN 'text' THEN 'longtext'
		ELSE pg_type.typname
		END AS "Type",
		CASE WHEN pg_attribute.attnotnull THEN ''
		ELSE 'YES'
		END AS "Null",
		CASE pg_type.typname
		WHEN 'varchar' THEN substring(pg_attrdef.adsrc FROM '^''(.*)''.*$')
		WHEN 'timestamp' THEN CASE WHEN pg_attrdef.adsrc LIKE '%now()%' THEN '0000-00-00 00:00:00' ELSE pg_attrdef.adsrc END
		ELSE pg_attrdef.adsrc
		END AS "Default"
		FROM pg_class
		INNER JOIN pg_attribute
		ON (pg_class.oid=pg_attribute.attrelid)
		INNER JOIN pg_type
		ON (pg_attribute.atttypid=pg_type.oid)
		LEFT JOIN pg_attrdef
		ON (pg_class.oid=pg_attrdef.adrelid AND pg_attribute.attnum=pg_attrdef.adnum)
		WHERE pg_class.relname='test.cm_links' AND pg_attribute.attnum>=1 AND NOT pg_attribute.attisdropped;
---------------------
[1385982186.33] Converting :
DESCRIBE cm_options;
---- to ----
SELECT pg_attribute.attname AS "Field",
		CASE pg_type.typname
		WHEN 'int2' THEN 'int(4)'
		WHEN 'int4' THEN 'int(11)'
		WHEN 'int8' THEN 'bigint(20) unsigned'
		WHEN 'varchar' THEN 'varchar(' || pg_attribute.atttypmod-4 || ')'
		WHEN 'timestamp' THEN 'datetime'
		WHEN 'text' THEN 'longtext'
		ELSE pg_type.typname
		END AS "Type",
		CASE WHEN pg_attribute.attnotnull THEN ''
		ELSE 'YES'
		END AS "Null",
		CASE pg_type.typname
		WHEN 'varchar' THEN substring(pg_attrdef.adsrc FROM '^''(.*)''.*$')
		WHEN 'timestamp' THEN CASE WHEN pg_attrdef.adsrc LIKE '%now()%' THEN '0000-00-00 00:00:00' ELSE pg_attrdef.adsrc END
		ELSE pg_attrdef.adsrc
		END AS "Default"
		FROM pg_class
		INNER JOIN pg_attribute
		ON (pg_class.oid=pg_attribute.attrelid)
		INNER JOIN pg_type
		ON (pg_attribute.atttypid=pg_type.oid)
		LEFT JOIN pg_attrdef
		ON (pg_class.oid=pg_attrdef.adrelid AND pg_attribute.attnum=pg_attrdef.adnum)
		WHERE pg_class.relname='test.cm_options' AND pg_attribute.attnum>=1 AND NOT pg_attribute.attisdropped;
---------------------
[1385982186.33] Converting :
DESCRIBE cm_postmeta;
---- to ----
SELECT pg_attribute.attname AS "Field",
		CASE pg_type.typname
		WHEN 'int2' THEN 'int(4)'
		WHEN 'int4' THEN 'int(11)'
		WHEN 'int8' THEN 'bigint(20) unsigned'
		WHEN 'varchar' THEN 'varchar(' || pg_attribute.atttypmod-4 || ')'
		WHEN 'timestamp' THEN 'datetime'
		WHEN 'text' THEN 'longtext'
		ELSE pg_type.typname
		END AS "Type",
		CASE WHEN pg_attribute.attnotnull THEN ''
		ELSE 'YES'
		END AS "Null",
		CASE pg_type.typname
		WHEN 'varchar' THEN substring(pg_attrdef.adsrc FROM '^''(.*)''.*$')
		WHEN 'timestamp' THEN CASE WHEN pg_attrdef.adsrc LIKE '%now()%' THEN '0000-00-00 00:00:00' ELSE pg_attrdef.adsrc END
		ELSE pg_attrdef.adsrc
		END AS "Default"
		FROM pg_class
		INNER JOIN pg_attribute
		ON (pg_class.oid=pg_attribute.attrelid)
		INNER JOIN pg_type
		ON (pg_attribute.atttypid=pg_type.oid)
		LEFT JOIN pg_attrdef
		ON (pg_class.oid=pg_attrdef.adrelid AND pg_attribute.attnum=pg_attrdef.adnum)
		WHERE pg_class.relname='test.cm_postmeta' AND pg_attribute.attnum>=1 AND NOT pg_attribute.attisdropped;
---------------------
[1385982186.33] Converting :
DESCRIBE cm_terms;
---- to ----
SELECT pg_attribute.attname AS "Field",
		CASE pg_type.typname
		WHEN 'int2' THEN 'int(4)'
		WHEN 'int4' THEN 'int(11)'
		WHEN 'int8' THEN 'bigint(20) unsigned'
		WHEN 'varchar' THEN 'varchar(' || pg_attribute.atttypmod-4 || ')'
		WHEN 'timestamp' THEN 'datetime'
		WHEN 'text' THEN 'longtext'
		ELSE pg_type.typname
		END AS "Type",
		CASE WHEN pg_attribute.attnotnull THEN ''
		ELSE 'YES'
		END AS "Null",
		CASE pg_type.typname
		WHEN 'varchar' THEN substring(pg_attrdef.adsrc FROM '^''(.*)''.*$')
		WHEN 'timestamp' THEN CASE WHEN pg_attrdef.adsrc LIKE '%now()%' THEN '0000-00-00 00:00:00' ELSE pg_attrdef.adsrc END
		ELSE pg_attrdef.adsrc
		END AS "Default"
		FROM pg_class
		INNER JOIN pg_attribute
		ON (pg_class.oid=pg_attribute.attrelid)
		INNER JOIN pg_type
		ON (pg_attribute.atttypid=pg_type.oid)
		LEFT JOIN pg_attrdef
		ON (pg_class.oid=pg_attrdef.adrelid AND pg_attribute.attnum=pg_attrdef.adnum)
		WHERE pg_class.relname='test.cm_terms' AND pg_attribute.attnum>=1 AND NOT pg_attribute.attisdropped;
---------------------
[1385982186.33] Converting :
DESCRIBE cm_term_taxonomy;
---- to ----
SELECT pg_attribute.attname AS "Field",
		CASE pg_type.typname
		WHEN 'int2' THEN 'int(4)'
		WHEN 'int4' THEN 'int(11)'
		WHEN 'int8' THEN 'bigint(20) unsigned'
		WHEN 'varchar' THEN 'varchar(' || pg_attribute.atttypmod-4 || ')'
		WHEN 'timestamp' THEN 'datetime'
		WHEN 'text' THEN 'longtext'
		ELSE pg_type.typname
		END AS "Type",
		CASE WHEN pg_attribute.attnotnull THEN ''
		ELSE 'YES'
		END AS "Null",
		CASE pg_type.typname
		WHEN 'varchar' THEN substring(pg_attrdef.adsrc FROM '^''(.*)''.*$')
		WHEN 'timestamp' THEN CASE WHEN pg_attrdef.adsrc LIKE '%now()%' THEN '0000-00-00 00:00:00' ELSE pg_attrdef.adsrc END
		ELSE pg_attrdef.adsrc
		END AS "Default"
		FROM pg_class
		INNER JOIN pg_attribute
		ON (pg_class.oid=pg_attribute.attrelid)
		INNER JOIN pg_type
		ON (pg_attribute.atttypid=pg_type.oid)
		LEFT JOIN pg_attrdef
		ON (pg_class.oid=pg_attrdef.adrelid AND pg_attribute.attnum=pg_attrdef.adnum)
		WHERE pg_class.relname='test.cm_term_taxonomy' AND pg_attribute.attnum>=1 AND NOT pg_attribute.attisdropped;
---------------------
[1385982186.34] Converting :
DESCRIBE cm_term_relationships;
---- to ----
SELECT pg_attribute.attname AS "Field",
		CASE pg_type.typname
		WHEN 'int2' THEN 'int(4)'
		WHEN 'int4' THEN 'int(11)'
		WHEN 'int8' THEN 'bigint(20) unsigned'
		WHEN 'varchar' THEN 'varchar(' || pg_attribute.atttypmod-4 || ')'
		WHEN 'timestamp' THEN 'datetime'
		WHEN 'text' THEN 'longtext'
		ELSE pg_type.typname
		END AS "Type",
		CASE WHEN pg_attribute.attnotnull THEN ''
		ELSE 'YES'
		END AS "Null",
		CASE pg_type.typname
		WHEN 'varchar' THEN substring(pg_attrdef.adsrc FROM '^''(.*)''.*$')
		WHEN 'timestamp' THEN CASE WHEN pg_attrdef.adsrc LIKE '%now()%' THEN '0000-00-00 00:00:00' ELSE pg_attrdef.adsrc END
		ELSE pg_attrdef.adsrc
		END AS "Default"
		FROM pg_class
		INNER JOIN pg_attribute
		ON (pg_class.oid=pg_attribute.attrelid)
		INNER JOIN pg_type
		ON (pg_attribute.atttypid=pg_type.oid)
		LEFT JOIN pg_attrdef
		ON (pg_class.oid=pg_attrdef.adrelid AND pg_attribute.attnum=pg_attrdef.adnum)
		WHERE pg_class.relname='test.cm_term_relationships' AND pg_attribute.attnum>=1 AND NOT pg_attribute.attisdropped;
---------------------
[1385982186.34] Converting :
DESCRIBE cm_commentmeta;
---- to ----
SELECT pg_attribute.attname AS "Field",
		CASE pg_type.typname
		WHEN 'int2' THEN 'int(4)'
		WHEN 'int4' THEN 'int(11)'
		WHEN 'int8' THEN 'bigint(20) unsigned'
		WHEN 'varchar' THEN 'varchar(' || pg_attribute.atttypmod-4 || ')'
		WHEN 'timestamp' THEN 'datetime'
		WHEN 'text' THEN 'longtext'
		ELSE pg_type.typname
		END AS "Type",
		CASE WHEN pg_attribute.attnotnull THEN ''
		ELSE 'YES'
		END AS "Null",
		CASE pg_type.typname
		WHEN 'varchar' THEN substring(pg_attrdef.adsrc FROM '^''(.*)''.*$')
		WHEN 'timestamp' THEN CASE WHEN pg_attrdef.adsrc LIKE '%now()%' THEN '0000-00-00 00:00:00' ELSE pg_attrdef.adsrc END
		ELSE pg_attrdef.adsrc
		END AS "Default"
		FROM pg_class
		INNER JOIN pg_attribute
		ON (pg_class.oid=pg_attribute.attrelid)
		INNER JOIN pg_type
		ON (pg_attribute.atttypid=pg_type.oid)
		LEFT JOIN pg_attrdef
		ON (pg_class.oid=pg_attrdef.adrelid AND pg_attribute.attnum=pg_attrdef.adnum)
		WHERE pg_class.relname='test.cm_commentmeta' AND pg_attribute.attnum>=1 AND NOT pg_attribute.attisdropped;
---------------------
[1385982186.51] Converting :
DESCRIBE cm_users;
---- to ----
SELECT pg_attribute.attname AS "Field",
		CASE pg_type.typname
		WHEN 'int2' THEN 'int(4)'
		WHEN 'int4' THEN 'int(11)'
		WHEN 'int8' THEN 'bigint(20) unsigned'
		WHEN 'varchar' THEN 'varchar(' || pg_attribute.atttypmod-4 || ')'
		WHEN 'timestamp' THEN 'datetime'
		WHEN 'text' THEN 'longtext'
		ELSE pg_type.typname
		END AS "Type",
		CASE WHEN pg_attribute.attnotnull THEN ''
		ELSE 'YES'
		END AS "Null",
		CASE pg_type.typname
		WHEN 'varchar' THEN substring(pg_attrdef.adsrc FROM '^''(.*)''.*$')
		WHEN 'timestamp' THEN CASE WHEN pg_attrdef.adsrc LIKE '%now()%' THEN '0000-00-00 00:00:00' ELSE pg_attrdef.adsrc END
		ELSE pg_attrdef.adsrc
		END AS "Default"
		FROM pg_class
		INNER JOIN pg_attribute
		ON (pg_class.oid=pg_attribute.attrelid)
		INNER JOIN pg_type
		ON (pg_attribute.atttypid=pg_type.oid)
		LEFT JOIN pg_attrdef
		ON (pg_class.oid=pg_attrdef.adrelid AND pg_attribute.attnum=pg_attrdef.adnum)
		WHERE pg_class.relname='test.cm_users' AND pg_attribute.attnum>=1 AND NOT pg_attribute.attisdropped;
---------------------
[1385982186.51] Converting :
DESCRIBE cm_usermeta;
---- to ----
SELECT pg_attribute.attname AS "Field",
		CASE pg_type.typname
		WHEN 'int2' THEN 'int(4)'
		WHEN 'int4' THEN 'int(11)'
		WHEN 'int8' THEN 'bigint(20) unsigned'
		WHEN 'varchar' THEN 'varchar(' || pg_attribute.atttypmod-4 || ')'
		WHEN 'timestamp' THEN 'datetime'
		WHEN 'text' THEN 'longtext'
		ELSE pg_type.typname
		END AS "Type",
		CASE WHEN pg_attribute.attnotnull THEN ''
		ELSE 'YES'
		END AS "Null",
		CASE pg_type.typname
		WHEN 'varchar' THEN substring(pg_attrdef.adsrc FROM '^''(.*)''.*$')
		WHEN 'timestamp' THEN CASE WHEN pg_attrdef.adsrc LIKE '%now()%' THEN '0000-00-00 00:00:00' ELSE pg_attrdef.adsrc END
		ELSE pg_attrdef.adsrc
		END AS "Default"
		FROM pg_class
		INNER JOIN pg_attribute
		ON (pg_class.oid=pg_attribute.attrelid)
		INNER JOIN pg_type
		ON (pg_attribute.atttypid=pg_type.oid)
		LEFT JOIN pg_attrdef
		ON (pg_class.oid=pg_attrdef.adrelid AND pg_attribute.attnum=pg_attrdef.adnum)
		WHERE pg_class.relname='test.cm_usermeta' AND pg_attribute.attnum>=1 AND NOT pg_attribute.attisdropped;
---------------------
[1385982186.51] Converting :
DESCRIBE cm_posts;
---- to ----
SELECT pg_attribute.attname AS "Field",
		CASE pg_type.typname
		WHEN 'int2' THEN 'int(4)'
		WHEN 'int4' THEN 'int(11)'
		WHEN 'int8' THEN 'bigint(20) unsigned'
		WHEN 'varchar' THEN 'varchar(' || pg_attribute.atttypmod-4 || ')'
		WHEN 'timestamp' THEN 'datetime'
		WHEN 'text' THEN 'longtext'
		ELSE pg_type.typname
		END AS "Type",
		CASE WHEN pg_attribute.attnotnull THEN ''
		ELSE 'YES'
		END AS "Null",
		CASE pg_type.typname
		WHEN 'varchar' THEN substring(pg_attrdef.adsrc FROM '^''(.*)''.*$')
		WHEN 'timestamp' THEN CASE WHEN pg_attrdef.adsrc LIKE '%now()%' THEN '0000-00-00 00:00:00' ELSE pg_attrdef.adsrc END
		ELSE pg_attrdef.adsrc
		END AS "Default"
		FROM pg_class
		INNER JOIN pg_attribute
		ON (pg_class.oid=pg_attribute.attrelid)
		INNER JOIN pg_type
		ON (pg_attribute.atttypid=pg_type.oid)
		LEFT JOIN pg_attrdef
		ON (pg_class.oid=pg_attrdef.adrelid AND pg_attribute.attnum=pg_attrdef.adnum)
		WHERE pg_class.relname='test.cm_posts' AND pg_attribute.attnum>=1 AND NOT pg_attribute.attisdropped;
---------------------
[1385982186.51] Converting :
DESCRIBE cm_comments;
---- to ----
SELECT pg_attribute.attname AS "Field",
		CASE pg_type.typname
		WHEN 'int2' THEN 'int(4)'
		WHEN 'int4' THEN 'int(11)'
		WHEN 'int8' THEN 'bigint(20) unsigned'
		WHEN 'varchar' THEN 'varchar(' || pg_attribute.atttypmod-4 || ')'
		WHEN 'timestamp' THEN 'datetime'
		WHEN 'text' THEN 'longtext'
		ELSE pg_type.typname
		END AS "Type",
		CASE WHEN pg_attribute.attnotnull THEN ''
		ELSE 'YES'
		END AS "Null",
		CASE pg_type.typname
		WHEN 'varchar' THEN substring(pg_attrdef.adsrc FROM '^''(.*)''.*$')
		WHEN 'timestamp' THEN CASE WHEN pg_attrdef.adsrc LIKE '%now()%' THEN '0000-00-00 00:00:00' ELSE pg_attrdef.adsrc END
		ELSE pg_attrdef.adsrc
		END AS "Default"
		FROM pg_class
		INNER JOIN pg_attribute
		ON (pg_class.oid=pg_attribute.attrelid)
		INNER JOIN pg_type
		ON (pg_attribute.atttypid=pg_type.oid)
		LEFT JOIN pg_attrdef
		ON (pg_class.oid=pg_attrdef.adrelid AND pg_attribute.attnum=pg_attrdef.adnum)
		WHERE pg_class.relname='test.cm_comments' AND pg_attribute.attnum>=1 AND NOT pg_attribute.attisdropped;
---------------------
[1385982186.52] Converting :
DESCRIBE cm_links;
---- to ----
SELECT pg_attribute.attname AS "Field",
		CASE pg_type.typname
		WHEN 'int2' THEN 'int(4)'
		WHEN 'int4' THEN 'int(11)'
		WHEN 'int8' THEN 'bigint(20) unsigned'
		WHEN 'varchar' THEN 'varchar(' || pg_attribute.atttypmod-4 || ')'
		WHEN 'timestamp' THEN 'datetime'
		WHEN 'text' THEN 'longtext'
		ELSE pg_type.typname
		END AS "Type",
		CASE WHEN pg_attribute.attnotnull THEN ''
		ELSE 'YES'
		END AS "Null",
		CASE pg_type.typname
		WHEN 'varchar' THEN substring(pg_attrdef.adsrc FROM '^''(.*)''.*$')
		WHEN 'timestamp' THEN CASE WHEN pg_attrdef.adsrc LIKE '%now()%' THEN '0000-00-00 00:00:00' ELSE pg_attrdef.adsrc END
		ELSE pg_attrdef.adsrc
		END AS "Default"
		FROM pg_class
		INNER JOIN pg_attribute
		ON (pg_class.oid=pg_attribute.attrelid)
		INNER JOIN pg_type
		ON (pg_attribute.atttypid=pg_type.oid)
		LEFT JOIN pg_attrdef
		ON (pg_class.oid=pg_attrdef.adrelid AND pg_attribute.attnum=pg_attrdef.adnum)
		WHERE pg_class.relname='test.cm_links' AND pg_attribute.attnum>=1 AND NOT pg_attribute.attisdropped;
---------------------
[1385982186.52] Converting :
DESCRIBE cm_options;
---- to ----
SELECT pg_attribute.attname AS "Field",
		CASE pg_type.typname
		WHEN 'int2' THEN 'int(4)'
		WHEN 'int4' THEN 'int(11)'
		WHEN 'int8' THEN 'bigint(20) unsigned'
		WHEN 'varchar' THEN 'varchar(' || pg_attribute.atttypmod-4 || ')'
		WHEN 'timestamp' THEN 'datetime'
		WHEN 'text' THEN 'longtext'
		ELSE pg_type.typname
		END AS "Type",
		CASE WHEN pg_attribute.attnotnull THEN ''
		ELSE 'YES'
		END AS "Null",
		CASE pg_type.typname
		WHEN 'varchar' THEN substring(pg_attrdef.adsrc FROM '^''(.*)''.*$')
		WHEN 'timestamp' THEN CASE WHEN pg_attrdef.adsrc LIKE '%now()%' THEN '0000-00-00 00:00:00' ELSE pg_attrdef.adsrc END
		ELSE pg_attrdef.adsrc
		END AS "Default"
		FROM pg_class
		INNER JOIN pg_attribute
		ON (pg_class.oid=pg_attribute.attrelid)
		INNER JOIN pg_type
		ON (pg_attribute.atttypid=pg_type.oid)
		LEFT JOIN pg_attrdef
		ON (pg_class.oid=pg_attrdef.adrelid AND pg_attribute.attnum=pg_attrdef.adnum)
		WHERE pg_class.relname='test.cm_options' AND pg_attribute.attnum>=1 AND NOT pg_attribute.attisdropped;
---------------------
[1385982186.52] Converting :
DESCRIBE cm_postmeta;
---- to ----
SELECT pg_attribute.attname AS "Field",
		CASE pg_type.typname
		WHEN 'int2' THEN 'int(4)'
		WHEN 'int4' THEN 'int(11)'
		WHEN 'int8' THEN 'bigint(20) unsigned'
		WHEN 'varchar' THEN 'varchar(' || pg_attribute.atttypmod-4 || ')'
		WHEN 'timestamp' THEN 'datetime'
		WHEN 'text' THEN 'longtext'
		ELSE pg_type.typname
		END AS "Type",
		CASE WHEN pg_attribute.attnotnull THEN ''
		ELSE 'YES'
		END AS "Null",
		CASE pg_type.typname
		WHEN 'varchar' THEN substring(pg_attrdef.adsrc FROM '^''(.*)''.*$')
		WHEN 'timestamp' THEN CASE WHEN pg_attrdef.adsrc LIKE '%now()%' THEN '0000-00-00 00:00:00' ELSE pg_attrdef.adsrc END
		ELSE pg_attrdef.adsrc
		END AS "Default"
		FROM pg_class
		INNER JOIN pg_attribute
		ON (pg_class.oid=pg_attribute.attrelid)
		INNER JOIN pg_type
		ON (pg_attribute.atttypid=pg_type.oid)
		LEFT JOIN pg_attrdef
		ON (pg_class.oid=pg_attrdef.adrelid AND pg_attribute.attnum=pg_attrdef.adnum)
		WHERE pg_class.relname='test.cm_postmeta' AND pg_attribute.attnum>=1 AND NOT pg_attribute.attisdropped;
---------------------
[1385982186.52] Converting :
DESCRIBE cm_terms;
---- to ----
SELECT pg_attribute.attname AS "Field",
		CASE pg_type.typname
		WHEN 'int2' THEN 'int(4)'
		WHEN 'int4' THEN 'int(11)'
		WHEN 'int8' THEN 'bigint(20) unsigned'
		WHEN 'varchar' THEN 'varchar(' || pg_attribute.atttypmod-4 || ')'
		WHEN 'timestamp' THEN 'datetime'
		WHEN 'text' THEN 'longtext'
		ELSE pg_type.typname
		END AS "Type",
		CASE WHEN pg_attribute.attnotnull THEN ''
		ELSE 'YES'
		END AS "Null",
		CASE pg_type.typname
		WHEN 'varchar' THEN substring(pg_attrdef.adsrc FROM '^''(.*)''.*$')
		WHEN 'timestamp' THEN CASE WHEN pg_attrdef.adsrc LIKE '%now()%' THEN '0000-00-00 00:00:00' ELSE pg_attrdef.adsrc END
		ELSE pg_attrdef.adsrc
		END AS "Default"
		FROM pg_class
		INNER JOIN pg_attribute
		ON (pg_class.oid=pg_attribute.attrelid)
		INNER JOIN pg_type
		ON (pg_attribute.atttypid=pg_type.oid)
		LEFT JOIN pg_attrdef
		ON (pg_class.oid=pg_attrdef.adrelid AND pg_attribute.attnum=pg_attrdef.adnum)
		WHERE pg_class.relname='test.cm_terms' AND pg_attribute.attnum>=1 AND NOT pg_attribute.attisdropped;
---------------------
[1385982186.52] Converting :
DESCRIBE cm_term_taxonomy;
---- to ----
SELECT pg_attribute.attname AS "Field",
		CASE pg_type.typname
		WHEN 'int2' THEN 'int(4)'
		WHEN 'int4' THEN 'int(11)'
		WHEN 'int8' THEN 'bigint(20) unsigned'
		WHEN 'varchar' THEN 'varchar(' || pg_attribute.atttypmod-4 || ')'
		WHEN 'timestamp' THEN 'datetime'
		WHEN 'text' THEN 'longtext'
		ELSE pg_type.typname
		END AS "Type",
		CASE WHEN pg_attribute.attnotnull THEN ''
		ELSE 'YES'
		END AS "Null",
		CASE pg_type.typname
		WHEN 'varchar' THEN substring(pg_attrdef.adsrc FROM '^''(.*)''.*$')
		WHEN 'timestamp' THEN CASE WHEN pg_attrdef.adsrc LIKE '%now()%' THEN '0000-00-00 00:00:00' ELSE pg_attrdef.adsrc END
		ELSE pg_attrdef.adsrc
		END AS "Default"
		FROM pg_class
		INNER JOIN pg_attribute
		ON (pg_class.oid=pg_attribute.attrelid)
		INNER JOIN pg_type
		ON (pg_attribute.atttypid=pg_type.oid)
		LEFT JOIN pg_attrdef
		ON (pg_class.oid=pg_attrdef.adrelid AND pg_attribute.attnum=pg_attrdef.adnum)
		WHERE pg_class.relname='test.cm_term_taxonomy' AND pg_attribute.attnum>=1 AND NOT pg_attribute.attisdropped;
---------------------
[1385982186.52] Converting :
DESCRIBE cm_term_relationships;
---- to ----
SELECT pg_attribute.attname AS "Field",
		CASE pg_type.typname
		WHEN 'int2' THEN 'int(4)'
		WHEN 'int4' THEN 'int(11)'
		WHEN 'int8' THEN 'bigint(20) unsigned'
		WHEN 'varchar' THEN 'varchar(' || pg_attribute.atttypmod-4 || ')'
		WHEN 'timestamp' THEN 'datetime'
		WHEN 'text' THEN 'longtext'
		ELSE pg_type.typname
		END AS "Type",
		CASE WHEN pg_attribute.attnotnull THEN ''
		ELSE 'YES'
		END AS "Null",
		CASE pg_type.typname
		WHEN 'varchar' THEN substring(pg_attrdef.adsrc FROM '^''(.*)''.*$')
		WHEN 'timestamp' THEN CASE WHEN pg_attrdef.adsrc LIKE '%now()%' THEN '0000-00-00 00:00:00' ELSE pg_attrdef.adsrc END
		ELSE pg_attrdef.adsrc
		END AS "Default"
		FROM pg_class
		INNER JOIN pg_attribute
		ON (pg_class.oid=pg_attribute.attrelid)
		INNER JOIN pg_type
		ON (pg_attribute.atttypid=pg_type.oid)
		LEFT JOIN pg_attrdef
		ON (pg_class.oid=pg_attrdef.adrelid AND pg_attribute.attnum=pg_attrdef.adnum)
		WHERE pg_class.relname='test.cm_term_relationships' AND pg_attribute.attnum>=1 AND NOT pg_attribute.attisdropped;
---------------------
[1385982186.52] Converting :
DESCRIBE cm_commentmeta;
---- to ----
SELECT pg_attribute.attname AS "Field",
		CASE pg_type.typname
		WHEN 'int2' THEN 'int(4)'
		WHEN 'int4' THEN 'int(11)'
		WHEN 'int8' THEN 'bigint(20) unsigned'
		WHEN 'varchar' THEN 'varchar(' || pg_attribute.atttypmod-4 || ')'
		WHEN 'timestamp' THEN 'datetime'
		WHEN 'text' THEN 'longtext'
		ELSE pg_type.typname
		END AS "Type",
		CASE WHEN pg_attribute.attnotnull THEN ''
		ELSE 'YES'
		END AS "Null",
		CASE pg_type.typname
		WHEN 'varchar' THEN substring(pg_attrdef.adsrc FROM '^''(.*)''.*$')
		WHEN 'timestamp' THEN CASE WHEN pg_attrdef.adsrc LIKE '%now()%' THEN '0000-00-00 00:00:00' ELSE pg_attrdef.adsrc END
		ELSE pg_attrdef.adsrc
		END AS "Default"
		FROM pg_class
		INNER JOIN pg_attribute
		ON (pg_class.oid=pg_attribute.attrelid)
		INNER JOIN pg_type
		ON (pg_attribute.atttypid=pg_type.oid)
		LEFT JOIN pg_attrdef
		ON (pg_class.oid=pg_attrdef.adrelid AND pg_attribute.attnum=pg_attrdef.adnum)
		WHERE pg_class.relname='test.cm_commentmeta' AND pg_attribute.attnum>=1 AND NOT pg_attribute.attisdropped;
---------------------
[1385982186.62] Converting :
DESCRIBE cm_users;
---- to ----
SELECT pg_attribute.attname AS "Field",
		CASE pg_type.typname
		WHEN 'int2' THEN 'int(4)'
		WHEN 'int4' THEN 'int(11)'
		WHEN 'int8' THEN 'bigint(20) unsigned'
		WHEN 'varchar' THEN 'varchar(' || pg_attribute.atttypmod-4 || ')'
		WHEN 'timestamp' THEN 'datetime'
		WHEN 'text' THEN 'longtext'
		ELSE pg_type.typname
		END AS "Type",
		CASE WHEN pg_attribute.attnotnull THEN ''
		ELSE 'YES'
		END AS "Null",
		CASE pg_type.typname
		WHEN 'varchar' THEN substring(pg_attrdef.adsrc FROM '^''(.*)''.*$')
		WHEN 'timestamp' THEN CASE WHEN pg_attrdef.adsrc LIKE '%now()%' THEN '0000-00-00 00:00:00' ELSE pg_attrdef.adsrc END
		ELSE pg_attrdef.adsrc
		END AS "Default"
		FROM pg_class
		INNER JOIN pg_attribute
		ON (pg_class.oid=pg_attribute.attrelid)
		INNER JOIN pg_type
		ON (pg_attribute.atttypid=pg_type.oid)
		LEFT JOIN pg_attrdef
		ON (pg_class.oid=pg_attrdef.adrelid AND pg_attribute.attnum=pg_attrdef.adnum)
		WHERE pg_class.relname='test.cm_users' AND pg_attribute.attnum>=1 AND NOT pg_attribute.attisdropped;
---------------------
[1385982186.62] Converting :
DESCRIBE cm_usermeta;
---- to ----
SELECT pg_attribute.attname AS "Field",
		CASE pg_type.typname
		WHEN 'int2' THEN 'int(4)'
		WHEN 'int4' THEN 'int(11)'
		WHEN 'int8' THEN 'bigint(20) unsigned'
		WHEN 'varchar' THEN 'varchar(' || pg_attribute.atttypmod-4 || ')'
		WHEN 'timestamp' THEN 'datetime'
		WHEN 'text' THEN 'longtext'
		ELSE pg_type.typname
		END AS "Type",
		CASE WHEN pg_attribute.attnotnull THEN ''
		ELSE 'YES'
		END AS "Null",
		CASE pg_type.typname
		WHEN 'varchar' THEN substring(pg_attrdef.adsrc FROM '^''(.*)''.*$')
		WHEN 'timestamp' THEN CASE WHEN pg_attrdef.adsrc LIKE '%now()%' THEN '0000-00-00 00:00:00' ELSE pg_attrdef.adsrc END
		ELSE pg_attrdef.adsrc
		END AS "Default"
		FROM pg_class
		INNER JOIN pg_attribute
		ON (pg_class.oid=pg_attribute.attrelid)
		INNER JOIN pg_type
		ON (pg_attribute.atttypid=pg_type.oid)
		LEFT JOIN pg_attrdef
		ON (pg_class.oid=pg_attrdef.adrelid AND pg_attribute.attnum=pg_attrdef.adnum)
		WHERE pg_class.relname='test.cm_usermeta' AND pg_attribute.attnum>=1 AND NOT pg_attribute.attisdropped;
---------------------
[1385982186.62] Converting :
DESCRIBE cm_posts;
---- to ----
SELECT pg_attribute.attname AS "Field",
		CASE pg_type.typname
		WHEN 'int2' THEN 'int(4)'
		WHEN 'int4' THEN 'int(11)'
		WHEN 'int8' THEN 'bigint(20) unsigned'
		WHEN 'varchar' THEN 'varchar(' || pg_attribute.atttypmod-4 || ')'
		WHEN 'timestamp' THEN 'datetime'
		WHEN 'text' THEN 'longtext'
		ELSE pg_type.typname
		END AS "Type",
		CASE WHEN pg_attribute.attnotnull THEN ''
		ELSE 'YES'
		END AS "Null",
		CASE pg_type.typname
		WHEN 'varchar' THEN substring(pg_attrdef.adsrc FROM '^''(.*)''.*$')
		WHEN 'timestamp' THEN CASE WHEN pg_attrdef.adsrc LIKE '%now()%' THEN '0000-00-00 00:00:00' ELSE pg_attrdef.adsrc END
		ELSE pg_attrdef.adsrc
		END AS "Default"
		FROM pg_class
		INNER JOIN pg_attribute
		ON (pg_class.oid=pg_attribute.attrelid)
		INNER JOIN pg_type
		ON (pg_attribute.atttypid=pg_type.oid)
		LEFT JOIN pg_attrdef
		ON (pg_class.oid=pg_attrdef.adrelid AND pg_attribute.attnum=pg_attrdef.adnum)
		WHERE pg_class.relname='test.cm_posts' AND pg_attribute.attnum>=1 AND NOT pg_attribute.attisdropped;
---------------------
[1385982186.62] Converting :
DESCRIBE cm_comments;
---- to ----
SELECT pg_attribute.attname AS "Field",
		CASE pg_type.typname
		WHEN 'int2' THEN 'int(4)'
		WHEN 'int4' THEN 'int(11)'
		WHEN 'int8' THEN 'bigint(20) unsigned'
		WHEN 'varchar' THEN 'varchar(' || pg_attribute.atttypmod-4 || ')'
		WHEN 'timestamp' THEN 'datetime'
		WHEN 'text' THEN 'longtext'
		ELSE pg_type.typname
		END AS "Type",
		CASE WHEN pg_attribute.attnotnull THEN ''
		ELSE 'YES'
		END AS "Null",
		CASE pg_type.typname
		WHEN 'varchar' THEN substring(pg_attrdef.adsrc FROM '^''(.*)''.*$')
		WHEN 'timestamp' THEN CASE WHEN pg_attrdef.adsrc LIKE '%now()%' THEN '0000-00-00 00:00:00' ELSE pg_attrdef.adsrc END
		ELSE pg_attrdef.adsrc
		END AS "Default"
		FROM pg_class
		INNER JOIN pg_attribute
		ON (pg_class.oid=pg_attribute.attrelid)
		INNER JOIN pg_type
		ON (pg_attribute.atttypid=pg_type.oid)
		LEFT JOIN pg_attrdef
		ON (pg_class.oid=pg_attrdef.adrelid AND pg_attribute.attnum=pg_attrdef.adnum)
		WHERE pg_class.relname='test.cm_comments' AND pg_attribute.attnum>=1 AND NOT pg_attribute.attisdropped;
---------------------
[1385982186.63] Converting :
DESCRIBE cm_links;
---- to ----
SELECT pg_attribute.attname AS "Field",
		CASE pg_type.typname
		WHEN 'int2' THEN 'int(4)'
		WHEN 'int4' THEN 'int(11)'
		WHEN 'int8' THEN 'bigint(20) unsigned'
		WHEN 'varchar' THEN 'varchar(' || pg_attribute.atttypmod-4 || ')'
		WHEN 'timestamp' THEN 'datetime'
		WHEN 'text' THEN 'longtext'
		ELSE pg_type.typname
		END AS "Type",
		CASE WHEN pg_attribute.attnotnull THEN ''
		ELSE 'YES'
		END AS "Null",
		CASE pg_type.typname
		WHEN 'varchar' THEN substring(pg_attrdef.adsrc FROM '^''(.*)''.*$')
		WHEN 'timestamp' THEN CASE WHEN pg_attrdef.adsrc LIKE '%now()%' THEN '0000-00-00 00:00:00' ELSE pg_attrdef.adsrc END
		ELSE pg_attrdef.adsrc
		END AS "Default"
		FROM pg_class
		INNER JOIN pg_attribute
		ON (pg_class.oid=pg_attribute.attrelid)
		INNER JOIN pg_type
		ON (pg_attribute.atttypid=pg_type.oid)
		LEFT JOIN pg_attrdef
		ON (pg_class.oid=pg_attrdef.adrelid AND pg_attribute.attnum=pg_attrdef.adnum)
		WHERE pg_class.relname='test.cm_links' AND pg_attribute.attnum>=1 AND NOT pg_attribute.attisdropped;
---------------------
[1385982186.63] Converting :
DESCRIBE cm_options;
---- to ----
SELECT pg_attribute.attname AS "Field",
		CASE pg_type.typname
		WHEN 'int2' THEN 'int(4)'
		WHEN 'int4' THEN 'int(11)'
		WHEN 'int8' THEN 'bigint(20) unsigned'
		WHEN 'varchar' THEN 'varchar(' || pg_attribute.atttypmod-4 || ')'
		WHEN 'timestamp' THEN 'datetime'
		WHEN 'text' THEN 'longtext'
		ELSE pg_type.typname
		END AS "Type",
		CASE WHEN pg_attribute.attnotnull THEN ''
		ELSE 'YES'
		END AS "Null",
		CASE pg_type.typname
		WHEN 'varchar' THEN substring(pg_attrdef.adsrc FROM '^''(.*)''.*$')
		WHEN 'timestamp' THEN CASE WHEN pg_attrdef.adsrc LIKE '%now()%' THEN '0000-00-00 00:00:00' ELSE pg_attrdef.adsrc END
		ELSE pg_attrdef.adsrc
		END AS "Default"
		FROM pg_class
		INNER JOIN pg_attribute
		ON (pg_class.oid=pg_attribute.attrelid)
		INNER JOIN pg_type
		ON (pg_attribute.atttypid=pg_type.oid)
		LEFT JOIN pg_attrdef
		ON (pg_class.oid=pg_attrdef.adrelid AND pg_attribute.attnum=pg_attrdef.adnum)
		WHERE pg_class.relname='test.cm_options' AND pg_attribute.attnum>=1 AND NOT pg_attribute.attisdropped;
---------------------
[1385982186.63] Converting :
DESCRIBE cm_postmeta;
---- to ----
SELECT pg_attribute.attname AS "Field",
		CASE pg_type.typname
		WHEN 'int2' THEN 'int(4)'
		WHEN 'int4' THEN 'int(11)'
		WHEN 'int8' THEN 'bigint(20) unsigned'
		WHEN 'varchar' THEN 'varchar(' || pg_attribute.atttypmod-4 || ')'
		WHEN 'timestamp' THEN 'datetime'
		WHEN 'text' THEN 'longtext'
		ELSE pg_type.typname
		END AS "Type",
		CASE WHEN pg_attribute.attnotnull THEN ''
		ELSE 'YES'
		END AS "Null",
		CASE pg_type.typname
		WHEN 'varchar' THEN substring(pg_attrdef.adsrc FROM '^''(.*)''.*$')
		WHEN 'timestamp' THEN CASE WHEN pg_attrdef.adsrc LIKE '%now()%' THEN '0000-00-00 00:00:00' ELSE pg_attrdef.adsrc END
		ELSE pg_attrdef.adsrc
		END AS "Default"
		FROM pg_class
		INNER JOIN pg_attribute
		ON (pg_class.oid=pg_attribute.attrelid)
		INNER JOIN pg_type
		ON (pg_attribute.atttypid=pg_type.oid)
		LEFT JOIN pg_attrdef
		ON (pg_class.oid=pg_attrdef.adrelid AND pg_attribute.attnum=pg_attrdef.adnum)
		WHERE pg_class.relname='test.cm_postmeta' AND pg_attribute.attnum>=1 AND NOT pg_attribute.attisdropped;
---------------------
[1385982186.63] Converting :
DESCRIBE cm_terms;
---- to ----
SELECT pg_attribute.attname AS "Field",
		CASE pg_type.typname
		WHEN 'int2' THEN 'int(4)'
		WHEN 'int4' THEN 'int(11)'
		WHEN 'int8' THEN 'bigint(20) unsigned'
		WHEN 'varchar' THEN 'varchar(' || pg_attribute.atttypmod-4 || ')'
		WHEN 'timestamp' THEN 'datetime'
		WHEN 'text' THEN 'longtext'
		ELSE pg_type.typname
		END AS "Type",
		CASE WHEN pg_attribute.attnotnull THEN ''
		ELSE 'YES'
		END AS "Null",
		CASE pg_type.typname
		WHEN 'varchar' THEN substring(pg_attrdef.adsrc FROM '^''(.*)''.*$')
		WHEN 'timestamp' THEN CASE WHEN pg_attrdef.adsrc LIKE '%now()%' THEN '0000-00-00 00:00:00' ELSE pg_attrdef.adsrc END
		ELSE pg_attrdef.adsrc
		END AS "Default"
		FROM pg_class
		INNER JOIN pg_attribute
		ON (pg_class.oid=pg_attribute.attrelid)
		INNER JOIN pg_type
		ON (pg_attribute.atttypid=pg_type.oid)
		LEFT JOIN pg_attrdef
		ON (pg_class.oid=pg_attrdef.adrelid AND pg_attribute.attnum=pg_attrdef.adnum)
		WHERE pg_class.relname='test.cm_terms' AND pg_attribute.attnum>=1 AND NOT pg_attribute.attisdropped;
---------------------
[1385982186.63] Converting :
DESCRIBE cm_term_taxonomy;
---- to ----
SELECT pg_attribute.attname AS "Field",
		CASE pg_type.typname
		WHEN 'int2' THEN 'int(4)'
		WHEN 'int4' THEN 'int(11)'
		WHEN 'int8' THEN 'bigint(20) unsigned'
		WHEN 'varchar' THEN 'varchar(' || pg_attribute.atttypmod-4 || ')'
		WHEN 'timestamp' THEN 'datetime'
		WHEN 'text' THEN 'longtext'
		ELSE pg_type.typname
		END AS "Type",
		CASE WHEN pg_attribute.attnotnull THEN ''
		ELSE 'YES'
		END AS "Null",
		CASE pg_type.typname
		WHEN 'varchar' THEN substring(pg_attrdef.adsrc FROM '^''(.*)''.*$')
		WHEN 'timestamp' THEN CASE WHEN pg_attrdef.adsrc LIKE '%now()%' THEN '0000-00-00 00:00:00' ELSE pg_attrdef.adsrc END
		ELSE pg_attrdef.adsrc
		END AS "Default"
		FROM pg_class
		INNER JOIN pg_attribute
		ON (pg_class.oid=pg_attribute.attrelid)
		INNER JOIN pg_type
		ON (pg_attribute.atttypid=pg_type.oid)
		LEFT JOIN pg_attrdef
		ON (pg_class.oid=pg_attrdef.adrelid AND pg_attribute.attnum=pg_attrdef.adnum)
		WHERE pg_class.relname='test.cm_term_taxonomy' AND pg_attribute.attnum>=1 AND NOT pg_attribute.attisdropped;
---------------------
[1385982186.63] Converting :
DESCRIBE cm_term_relationships;
---- to ----
SELECT pg_attribute.attname AS "Field",
		CASE pg_type.typname
		WHEN 'int2' THEN 'int(4)'
		WHEN 'int4' THEN 'int(11)'
		WHEN 'int8' THEN 'bigint(20) unsigned'
		WHEN 'varchar' THEN 'varchar(' || pg_attribute.atttypmod-4 || ')'
		WHEN 'timestamp' THEN 'datetime'
		WHEN 'text' THEN 'longtext'
		ELSE pg_type.typname
		END AS "Type",
		CASE WHEN pg_attribute.attnotnull THEN ''
		ELSE 'YES'
		END AS "Null",
		CASE pg_type.typname
		WHEN 'varchar' THEN substring(pg_attrdef.adsrc FROM '^''(.*)''.*$')
		WHEN 'timestamp' THEN CASE WHEN pg_attrdef.adsrc LIKE '%now()%' THEN '0000-00-00 00:00:00' ELSE pg_attrdef.adsrc END
		ELSE pg_attrdef.adsrc
		END AS "Default"
		FROM pg_class
		INNER JOIN pg_attribute
		ON (pg_class.oid=pg_attribute.attrelid)
		INNER JOIN pg_type
		ON (pg_attribute.atttypid=pg_type.oid)
		LEFT JOIN pg_attrdef
		ON (pg_class.oid=pg_attrdef.adrelid AND pg_attribute.attnum=pg_attrdef.adnum)
		WHERE pg_class.relname='test.cm_term_relationships' AND pg_attribute.attnum>=1 AND NOT pg_attribute.attisdropped;
---------------------
[1385982186.63] Converting :
DESCRIBE cm_commentmeta;
---- to ----
SELECT pg_attribute.attname AS "Field",
		CASE pg_type.typname
		WHEN 'int2' THEN 'int(4)'
		WHEN 'int4' THEN 'int(11)'
		WHEN 'int8' THEN 'bigint(20) unsigned'
		WHEN 'varchar' THEN 'varchar(' || pg_attribute.atttypmod-4 || ')'
		WHEN 'timestamp' THEN 'datetime'
		WHEN 'text' THEN 'longtext'
		ELSE pg_type.typname
		END AS "Type",
		CASE WHEN pg_attribute.attnotnull THEN ''
		ELSE 'YES'
		END AS "Null",
		CASE pg_type.typname
		WHEN 'varchar' THEN substring(pg_attrdef.adsrc FROM '^''(.*)''.*$')
		WHEN 'timestamp' THEN CASE WHEN pg_attrdef.adsrc LIKE '%now()%' THEN '0000-00-00 00:00:00' ELSE pg_attrdef.adsrc END
		ELSE pg_attrdef.adsrc
		END AS "Default"
		FROM pg_class
		INNER JOIN pg_attribute
		ON (pg_class.oid=pg_attribute.attrelid)
		INNER JOIN pg_type
		ON (pg_attribute.atttypid=pg_type.oid)
		LEFT JOIN pg_attrdef
		ON (pg_class.oid=pg_attrdef.adrelid AND pg_attribute.attnum=pg_attrdef.adnum)
		WHERE pg_class.relname='test.cm_commentmeta' AND pg_attribute.attnum>=1 AND NOT pg_attribute.attisdropped;
---------------------
[1385982186.64] Converting :
DESCRIBE cm_users;
---- to ----
SELECT pg_attribute.attname AS "Field",
		CASE pg_type.typname
		WHEN 'int2' THEN 'int(4)'
		WHEN 'int4' THEN 'int(11)'
		WHEN 'int8' THEN 'bigint(20) unsigned'
		WHEN 'varchar' THEN 'varchar(' || pg_attribute.atttypmod-4 || ')'
		WHEN 'timestamp' THEN 'datetime'
		WHEN 'text' THEN 'longtext'
		ELSE pg_type.typname
		END AS "Type",
		CASE WHEN pg_attribute.attnotnull THEN ''
		ELSE 'YES'
		END AS "Null",
		CASE pg_type.typname
		WHEN 'varchar' THEN substring(pg_attrdef.adsrc FROM '^''(.*)''.*$')
		WHEN 'timestamp' THEN CASE WHEN pg_attrdef.adsrc LIKE '%now()%' THEN '0000-00-00 00:00:00' ELSE pg_attrdef.adsrc END
		ELSE pg_attrdef.adsrc
		END AS "Default"
		FROM pg_class
		INNER JOIN pg_attribute
		ON (pg_class.oid=pg_attribute.attrelid)
		INNER JOIN pg_type
		ON (pg_attribute.atttypid=pg_type.oid)
		LEFT JOIN pg_attrdef
		ON (pg_class.oid=pg_attrdef.adrelid AND pg_attribute.attnum=pg_attrdef.adnum)
		WHERE pg_class.relname='test.cm_users' AND pg_attribute.attnum>=1 AND NOT pg_attribute.attisdropped;
---------------------
[1385982186.64] Converting :
DESCRIBE cm_usermeta;
---- to ----
SELECT pg_attribute.attname AS "Field",
		CASE pg_type.typname
		WHEN 'int2' THEN 'int(4)'
		WHEN 'int4' THEN 'int(11)'
		WHEN 'int8' THEN 'bigint(20) unsigned'
		WHEN 'varchar' THEN 'varchar(' || pg_attribute.atttypmod-4 || ')'
		WHEN 'timestamp' THEN 'datetime'
		WHEN 'text' THEN 'longtext'
		ELSE pg_type.typname
		END AS "Type",
		CASE WHEN pg_attribute.attnotnull THEN ''
		ELSE 'YES'
		END AS "Null",
		CASE pg_type.typname
		WHEN 'varchar' THEN substring(pg_attrdef.adsrc FROM '^''(.*)''.*$')
		WHEN 'timestamp' THEN CASE WHEN pg_attrdef.adsrc LIKE '%now()%' THEN '0000-00-00 00:00:00' ELSE pg_attrdef.adsrc END
		ELSE pg_attrdef.adsrc
		END AS "Default"
		FROM pg_class
		INNER JOIN pg_attribute
		ON (pg_class.oid=pg_attribute.attrelid)
		INNER JOIN pg_type
		ON (pg_attribute.atttypid=pg_type.oid)
		LEFT JOIN pg_attrdef
		ON (pg_class.oid=pg_attrdef.adrelid AND pg_attribute.attnum=pg_attrdef.adnum)
		WHERE pg_class.relname='test.cm_usermeta' AND pg_attribute.attnum>=1 AND NOT pg_attribute.attisdropped;
---------------------
[1385982186.64] Converting :
DESCRIBE cm_terms;
---- to ----
SELECT pg_attribute.attname AS "Field",
		CASE pg_type.typname
		WHEN 'int2' THEN 'int(4)'
		WHEN 'int4' THEN 'int(11)'
		WHEN 'int8' THEN 'bigint(20) unsigned'
		WHEN 'varchar' THEN 'varchar(' || pg_attribute.atttypmod-4 || ')'
		WHEN 'timestamp' THEN 'datetime'
		WHEN 'text' THEN 'longtext'
		ELSE pg_type.typname
		END AS "Type",
		CASE WHEN pg_attribute.attnotnull THEN ''
		ELSE 'YES'
		END AS "Null",
		CASE pg_type.typname
		WHEN 'varchar' THEN substring(pg_attrdef.adsrc FROM '^''(.*)''.*$')
		WHEN 'timestamp' THEN CASE WHEN pg_attrdef.adsrc LIKE '%now()%' THEN '0000-00-00 00:00:00' ELSE pg_attrdef.adsrc END
		ELSE pg_attrdef.adsrc
		END AS "Default"
		FROM pg_class
		INNER JOIN pg_attribute
		ON (pg_class.oid=pg_attribute.attrelid)
		INNER JOIN pg_type
		ON (pg_attribute.atttypid=pg_type.oid)
		LEFT JOIN pg_attrdef
		ON (pg_class.oid=pg_attrdef.adrelid AND pg_attribute.attnum=pg_attrdef.adnum)
		WHERE pg_class.relname='test.cm_terms' AND pg_attribute.attnum>=1 AND NOT pg_attribute.attisdropped;
---------------------
[1385982186.64] Converting :
DESCRIBE cm_term_taxonomy;
---- to ----
SELECT pg_attribute.attname AS "Field",
		CASE pg_type.typname
		WHEN 'int2' THEN 'int(4)'
		WHEN 'int4' THEN 'int(11)'
		WHEN 'int8' THEN 'bigint(20) unsigned'
		WHEN 'varchar' THEN 'varchar(' || pg_attribute.atttypmod-4 || ')'
		WHEN 'timestamp' THEN 'datetime'
		WHEN 'text' THEN 'longtext'
		ELSE pg_type.typname
		END AS "Type",
		CASE WHEN pg_attribute.attnotnull THEN ''
		ELSE 'YES'
		END AS "Null",
		CASE pg_type.typname
		WHEN 'varchar' THEN substring(pg_attrdef.adsrc FROM '^''(.*)''.*$')
		WHEN 'timestamp' THEN CASE WHEN pg_attrdef.adsrc LIKE '%now()%' THEN '0000-00-00 00:00:00' ELSE pg_attrdef.adsrc END
		ELSE pg_attrdef.adsrc
		END AS "Default"
		FROM pg_class
		INNER JOIN pg_attribute
		ON (pg_class.oid=pg_attribute.attrelid)
		INNER JOIN pg_type
		ON (pg_attribute.atttypid=pg_type.oid)
		LEFT JOIN pg_attrdef
		ON (pg_class.oid=pg_attrdef.adrelid AND pg_attribute.attnum=pg_attrdef.adnum)
		WHERE pg_class.relname='test.cm_term_taxonomy' AND pg_attribute.attnum>=1 AND NOT pg_attribute.attisdropped;
---------------------
[1385982186.64] Converting :
DESCRIBE cm_term_relationships;
---- to ----
SELECT pg_attribute.attname AS "Field",
		CASE pg_type.typname
		WHEN 'int2' THEN 'int(4)'
		WHEN 'int4' THEN 'int(11)'
		WHEN 'int8' THEN 'bigint(20) unsigned'
		WHEN 'varchar' THEN 'varchar(' || pg_attribute.atttypmod-4 || ')'
		WHEN 'timestamp' THEN 'datetime'
		WHEN 'text' THEN 'longtext'
		ELSE pg_type.typname
		END AS "Type",
		CASE WHEN pg_attribute.attnotnull THEN ''
		ELSE 'YES'
		END AS "Null",
		CASE pg_type.typname
		WHEN 'varchar' THEN substring(pg_attrdef.adsrc FROM '^''(.*)''.*$')
		WHEN 'timestamp' THEN CASE WHEN pg_attrdef.adsrc LIKE '%now()%' THEN '0000-00-00 00:00:00' ELSE pg_attrdef.adsrc END
		ELSE pg_attrdef.adsrc
		END AS "Default"
		FROM pg_class
		INNER JOIN pg_attribute
		ON (pg_class.oid=pg_attribute.attrelid)
		INNER JOIN pg_type
		ON (pg_attribute.atttypid=pg_type.oid)
		LEFT JOIN pg_attrdef
		ON (pg_class.oid=pg_attrdef.adrelid AND pg_attribute.attnum=pg_attrdef.adnum)
		WHERE pg_class.relname='test.cm_term_relationships' AND pg_attribute.attnum>=1 AND NOT pg_attribute.attisdropped;
---------------------
[1385982186.65] Converting :
DESCRIBE cm_commentmeta;
---- to ----
SELECT pg_attribute.attname AS "Field",
		CASE pg_type.typname
		WHEN 'int2' THEN 'int(4)'
		WHEN 'int4' THEN 'int(11)'
		WHEN 'int8' THEN 'bigint(20) unsigned'
		WHEN 'varchar' THEN 'varchar(' || pg_attribute.atttypmod-4 || ')'
		WHEN 'timestamp' THEN 'datetime'
		WHEN 'text' THEN 'longtext'
		ELSE pg_type.typname
		END AS "Type",
		CASE WHEN pg_attribute.attnotnull THEN ''
		ELSE 'YES'
		END AS "Null",
		CASE pg_type.typname
		WHEN 'varchar' THEN substring(pg_attrdef.adsrc FROM '^''(.*)''.*$')
		WHEN 'timestamp' THEN CASE WHEN pg_attrdef.adsrc LIKE '%now()%' THEN '0000-00-00 00:00:00' ELSE pg_attrdef.adsrc END
		ELSE pg_attrdef.adsrc
		END AS "Default"
		FROM pg_class
		INNER JOIN pg_attribute
		ON (pg_class.oid=pg_attribute.attrelid)
		INNER JOIN pg_type
		ON (pg_attribute.atttypid=pg_type.oid)
		LEFT JOIN pg_attrdef
		ON (pg_class.oid=pg_attrdef.adrelid AND pg_attribute.attnum=pg_attrdef.adnum)
		WHERE pg_class.relname='test.cm_commentmeta' AND pg_attribute.attnum>=1 AND NOT pg_attribute.attisdropped;
---------------------
[1385982186.65] Converting :
DESCRIBE cm_comments;
---- to ----
SELECT pg_attribute.attname AS "Field",
		CASE pg_type.typname
		WHEN 'int2' THEN 'int(4)'
		WHEN 'int4' THEN 'int(11)'
		WHEN 'int8' THEN 'bigint(20) unsigned'
		WHEN 'varchar' THEN 'varchar(' || pg_attribute.atttypmod-4 || ')'
		WHEN 'timestamp' THEN 'datetime'
		WHEN 'text' THEN 'longtext'
		ELSE pg_type.typname
		END AS "Type",
		CASE WHEN pg_attribute.attnotnull THEN ''
		ELSE 'YES'
		END AS "Null",
		CASE pg_type.typname
		WHEN 'varchar' THEN substring(pg_attrdef.adsrc FROM '^''(.*)''.*$')
		WHEN 'timestamp' THEN CASE WHEN pg_attrdef.adsrc LIKE '%now()%' THEN '0000-00-00 00:00:00' ELSE pg_attrdef.adsrc END
		ELSE pg_attrdef.adsrc
		END AS "Default"
		FROM pg_class
		INNER JOIN pg_attribute
		ON (pg_class.oid=pg_attribute.attrelid)
		INNER JOIN pg_type
		ON (pg_attribute.atttypid=pg_type.oid)
		LEFT JOIN pg_attrdef
		ON (pg_class.oid=pg_attrdef.adrelid AND pg_attribute.attnum=pg_attrdef.adnum)
		WHERE pg_class.relname='test.cm_comments' AND pg_attribute.attnum>=1 AND NOT pg_attribute.attisdropped;
---------------------
[1385982186.65] Converting :
DESCRIBE cm_links;
---- to ----
SELECT pg_attribute.attname AS "Field",
		CASE pg_type.typname
		WHEN 'int2' THEN 'int(4)'
		WHEN 'int4' THEN 'int(11)'
		WHEN 'int8' THEN 'bigint(20) unsigned'
		WHEN 'varchar' THEN 'varchar(' || pg_attribute.atttypmod-4 || ')'
		WHEN 'timestamp' THEN 'datetime'
		WHEN 'text' THEN 'longtext'
		ELSE pg_type.typname
		END AS "Type",
		CASE WHEN pg_attribute.attnotnull THEN ''
		ELSE 'YES'
		END AS "Null",
		CASE pg_type.typname
		WHEN 'varchar' THEN substring(pg_attrdef.adsrc FROM '^''(.*)''.*$')
		WHEN 'timestamp' THEN CASE WHEN pg_attrdef.adsrc LIKE '%now()%' THEN '0000-00-00 00:00:00' ELSE pg_attrdef.adsrc END
		ELSE pg_attrdef.adsrc
		END AS "Default"
		FROM pg_class
		INNER JOIN pg_attribute
		ON (pg_class.oid=pg_attribute.attrelid)
		INNER JOIN pg_type
		ON (pg_attribute.atttypid=pg_type.oid)
		LEFT JOIN pg_attrdef
		ON (pg_class.oid=pg_attrdef.adrelid AND pg_attribute.attnum=pg_attrdef.adnum)
		WHERE pg_class.relname='test.cm_links' AND pg_attribute.attnum>=1 AND NOT pg_attribute.attisdropped;
---------------------
[1385982186.65] Converting :
DESCRIBE cm_options;
---- to ----
SELECT pg_attribute.attname AS "Field",
		CASE pg_type.typname
		WHEN 'int2' THEN 'int(4)'
		WHEN 'int4' THEN 'int(11)'
		WHEN 'int8' THEN 'bigint(20) unsigned'
		WHEN 'varchar' THEN 'varchar(' || pg_attribute.atttypmod-4 || ')'
		WHEN 'timestamp' THEN 'datetime'
		WHEN 'text' THEN 'longtext'
		ELSE pg_type.typname
		END AS "Type",
		CASE WHEN pg_attribute.attnotnull THEN ''
		ELSE 'YES'
		END AS "Null",
		CASE pg_type.typname
		WHEN 'varchar' THEN substring(pg_attrdef.adsrc FROM '^''(.*)''.*$')
		WHEN 'timestamp' THEN CASE WHEN pg_attrdef.adsrc LIKE '%now()%' THEN '0000-00-00 00:00:00' ELSE pg_attrdef.adsrc END
		ELSE pg_attrdef.adsrc
		END AS "Default"
		FROM pg_class
		INNER JOIN pg_attribute
		ON (pg_class.oid=pg_attribute.attrelid)
		INNER JOIN pg_type
		ON (pg_attribute.atttypid=pg_type.oid)
		LEFT JOIN pg_attrdef
		ON (pg_class.oid=pg_attrdef.adrelid AND pg_attribute.attnum=pg_attrdef.adnum)
		WHERE pg_class.relname='test.cm_options' AND pg_attribute.attnum>=1 AND NOT pg_attribute.attisdropped;
---------------------
[1385982186.65] Converting :
DESCRIBE cm_postmeta;
---- to ----
SELECT pg_attribute.attname AS "Field",
		CASE pg_type.typname
		WHEN 'int2' THEN 'int(4)'
		WHEN 'int4' THEN 'int(11)'
		WHEN 'int8' THEN 'bigint(20) unsigned'
		WHEN 'varchar' THEN 'varchar(' || pg_attribute.atttypmod-4 || ')'
		WHEN 'timestamp' THEN 'datetime'
		WHEN 'text' THEN 'longtext'
		ELSE pg_type.typname
		END AS "Type",
		CASE WHEN pg_attribute.attnotnull THEN ''
		ELSE 'YES'
		END AS "Null",
		CASE pg_type.typname
		WHEN 'varchar' THEN substring(pg_attrdef.adsrc FROM '^''(.*)''.*$')
		WHEN 'timestamp' THEN CASE WHEN pg_attrdef.adsrc LIKE '%now()%' THEN '0000-00-00 00:00:00' ELSE pg_attrdef.adsrc END
		ELSE pg_attrdef.adsrc
		END AS "Default"
		FROM pg_class
		INNER JOIN pg_attribute
		ON (pg_class.oid=pg_attribute.attrelid)
		INNER JOIN pg_type
		ON (pg_attribute.atttypid=pg_type.oid)
		LEFT JOIN pg_attrdef
		ON (pg_class.oid=pg_attrdef.adrelid AND pg_attribute.attnum=pg_attrdef.adnum)
		WHERE pg_class.relname='test.cm_postmeta' AND pg_attribute.attnum>=1 AND NOT pg_attribute.attisdropped;
---------------------
[1385982186.65] Converting :
DESCRIBE cm_posts;
---- to ----
SELECT pg_attribute.attname AS "Field",
		CASE pg_type.typname
		WHEN 'int2' THEN 'int(4)'
		WHEN 'int4' THEN 'int(11)'
		WHEN 'int8' THEN 'bigint(20) unsigned'
		WHEN 'varchar' THEN 'varchar(' || pg_attribute.atttypmod-4 || ')'
		WHEN 'timestamp' THEN 'datetime'
		WHEN 'text' THEN 'longtext'
		ELSE pg_type.typname
		END AS "Type",
		CASE WHEN pg_attribute.attnotnull THEN ''
		ELSE 'YES'
		END AS "Null",
		CASE pg_type.typname
		WHEN 'varchar' THEN substring(pg_attrdef.adsrc FROM '^''(.*)''.*$')
		WHEN 'timestamp' THEN CASE WHEN pg_attrdef.adsrc LIKE '%now()%' THEN '0000-00-00 00:00:00' ELSE pg_attrdef.adsrc END
		ELSE pg_attrdef.adsrc
		END AS "Default"
		FROM pg_class
		INNER JOIN pg_attribute
		ON (pg_class.oid=pg_attribute.attrelid)
		INNER JOIN pg_type
		ON (pg_attribute.atttypid=pg_type.oid)
		LEFT JOIN pg_attrdef
		ON (pg_class.oid=pg_attrdef.adrelid AND pg_attribute.attnum=pg_attrdef.adnum)
		WHERE pg_class.relname='test.cm_posts' AND pg_attribute.attnum>=1 AND NOT pg_attribute.attisdropped;
---------------------
[1385982665.95] Converting :
DESCRIBE cm_users;
---- to ----
SELECT pg_attribute.attname AS "Field",
		CASE pg_type.typname
		WHEN 'int2' THEN 'int(4)'
		WHEN 'int4' THEN 'int(11)'
		WHEN 'int8' THEN 'bigint(20) unsigned'
		WHEN 'varchar' THEN 'varchar(' || pg_attribute.atttypmod-4 || ')'
		WHEN 'timestamp' THEN 'datetime'
		WHEN 'text' THEN 'longtext'
		ELSE pg_type.typname
		END AS "Type",
		CASE WHEN pg_attribute.attnotnull THEN ''
		ELSE 'YES'
		END AS "Null",
		CASE pg_type.typname
		WHEN 'varchar' THEN substring(pg_attrdef.adsrc FROM '^''(.*)''.*$')
		WHEN 'timestamp' THEN CASE WHEN pg_attrdef.adsrc LIKE '%now()%' THEN '0000-00-00 00:00:00' ELSE pg_attrdef.adsrc END
		ELSE pg_attrdef.adsrc
		END AS "Default"
		FROM pg_class
		INNER JOIN pg_attribute
		ON (pg_class.oid=pg_attribute.attrelid)
		INNER JOIN pg_type
		ON (pg_attribute.atttypid=pg_type.oid)
		LEFT JOIN pg_attrdef
		ON (pg_class.oid=pg_attrdef.adrelid AND pg_attribute.attnum=pg_attrdef.adnum)
		WHERE pg_class.relname='test.cm_users' AND pg_attribute.attnum>=1 AND NOT pg_attribute.attisdropped;
---------------------
[1385982665.95] Converting :
DESCRIBE cm_usermeta;
---- to ----
SELECT pg_attribute.attname AS "Field",
		CASE pg_type.typname
		WHEN 'int2' THEN 'int(4)'
		WHEN 'int4' THEN 'int(11)'
		WHEN 'int8' THEN 'bigint(20) unsigned'
		WHEN 'varchar' THEN 'varchar(' || pg_attribute.atttypmod-4 || ')'
		WHEN 'timestamp' THEN 'datetime'
		WHEN 'text' THEN 'longtext'
		ELSE pg_type.typname
		END AS "Type",
		CASE WHEN pg_attribute.attnotnull THEN ''
		ELSE 'YES'
		END AS "Null",
		CASE pg_type.typname
		WHEN 'varchar' THEN substring(pg_attrdef.adsrc FROM '^''(.*)''.*$')
		WHEN 'timestamp' THEN CASE WHEN pg_attrdef.adsrc LIKE '%now()%' THEN '0000-00-00 00:00:00' ELSE pg_attrdef.adsrc END
		ELSE pg_attrdef.adsrc
		END AS "Default"
		FROM pg_class
		INNER JOIN pg_attribute
		ON (pg_class.oid=pg_attribute.attrelid)
		INNER JOIN pg_type
		ON (pg_attribute.atttypid=pg_type.oid)
		LEFT JOIN pg_attrdef
		ON (pg_class.oid=pg_attrdef.adrelid AND pg_attribute.attnum=pg_attrdef.adnum)
		WHERE pg_class.relname='test.cm_usermeta' AND pg_attribute.attnum>=1 AND NOT pg_attribute.attisdropped;
---------------------
[1385982665.95] Converting :
DESCRIBE cm_posts;
---- to ----
SELECT pg_attribute.attname AS "Field",
		CASE pg_type.typname
		WHEN 'int2' THEN 'int(4)'
		WHEN 'int4' THEN 'int(11)'
		WHEN 'int8' THEN 'bigint(20) unsigned'
		WHEN 'varchar' THEN 'varchar(' || pg_attribute.atttypmod-4 || ')'
		WHEN 'timestamp' THEN 'datetime'
		WHEN 'text' THEN 'longtext'
		ELSE pg_type.typname
		END AS "Type",
		CASE WHEN pg_attribute.attnotnull THEN ''
		ELSE 'YES'
		END AS "Null",
		CASE pg_type.typname
		WHEN 'varchar' THEN substring(pg_attrdef.adsrc FROM '^''(.*)''.*$')
		WHEN 'timestamp' THEN CASE WHEN pg_attrdef.adsrc LIKE '%now()%' THEN '0000-00-00 00:00:00' ELSE pg_attrdef.adsrc END
		ELSE pg_attrdef.adsrc
		END AS "Default"
		FROM pg_class
		INNER JOIN pg_attribute
		ON (pg_class.oid=pg_attribute.attrelid)
		INNER JOIN pg_type
		ON (pg_attribute.atttypid=pg_type.oid)
		LEFT JOIN pg_attrdef
		ON (pg_class.oid=pg_attrdef.adrelid AND pg_attribute.attnum=pg_attrdef.adnum)
		WHERE pg_class.relname='test.cm_posts' AND pg_attribute.attnum>=1 AND NOT pg_attribute.attisdropped;
---------------------
[1385982665.96] Converting :
DESCRIBE cm_comments;
---- to ----
SELECT pg_attribute.attname AS "Field",
		CASE pg_type.typname
		WHEN 'int2' THEN 'int(4)'
		WHEN 'int4' THEN 'int(11)'
		WHEN 'int8' THEN 'bigint(20) unsigned'
		WHEN 'varchar' THEN 'varchar(' || pg_attribute.atttypmod-4 || ')'
		WHEN 'timestamp' THEN 'datetime'
		WHEN 'text' THEN 'longtext'
		ELSE pg_type.typname
		END AS "Type",
		CASE WHEN pg_attribute.attnotnull THEN ''
		ELSE 'YES'
		END AS "Null",
		CASE pg_type.typname
		WHEN 'varchar' THEN substring(pg_attrdef.adsrc FROM '^''(.*)''.*$')
		WHEN 'timestamp' THEN CASE WHEN pg_attrdef.adsrc LIKE '%now()%' THEN '0000-00-00 00:00:00' ELSE pg_attrdef.adsrc END
		ELSE pg_attrdef.adsrc
		END AS "Default"
		FROM pg_class
		INNER JOIN pg_attribute
		ON (pg_class.oid=pg_attribute.attrelid)
		INNER JOIN pg_type
		ON (pg_attribute.atttypid=pg_type.oid)
		LEFT JOIN pg_attrdef
		ON (pg_class.oid=pg_attrdef.adrelid AND pg_attribute.attnum=pg_attrdef.adnum)
		WHERE pg_class.relname='test.cm_comments' AND pg_attribute.attnum>=1 AND NOT pg_attribute.attisdropped;
---------------------
[1385982665.96] Converting :
DESCRIBE cm_links;
---- to ----
SELECT pg_attribute.attname AS "Field",
		CASE pg_type.typname
		WHEN 'int2' THEN 'int(4)'
		WHEN 'int4' THEN 'int(11)'
		WHEN 'int8' THEN 'bigint(20) unsigned'
		WHEN 'varchar' THEN 'varchar(' || pg_attribute.atttypmod-4 || ')'
		WHEN 'timestamp' THEN 'datetime'
		WHEN 'text' THEN 'longtext'
		ELSE pg_type.typname
		END AS "Type",
		CASE WHEN pg_attribute.attnotnull THEN ''
		ELSE 'YES'
		END AS "Null",
		CASE pg_type.typname
		WHEN 'varchar' THEN substring(pg_attrdef.adsrc FROM '^''(.*)''.*$')
		WHEN 'timestamp' THEN CASE WHEN pg_attrdef.adsrc LIKE '%now()%' THEN '0000-00-00 00:00:00' ELSE pg_attrdef.adsrc END
		ELSE pg_attrdef.adsrc
		END AS "Default"
		FROM pg_class
		INNER JOIN pg_attribute
		ON (pg_class.oid=pg_attribute.attrelid)
		INNER JOIN pg_type
		ON (pg_attribute.atttypid=pg_type.oid)
		LEFT JOIN pg_attrdef
		ON (pg_class.oid=pg_attrdef.adrelid AND pg_attribute.attnum=pg_attrdef.adnum)
		WHERE pg_class.relname='test.cm_links' AND pg_attribute.attnum>=1 AND NOT pg_attribute.attisdropped;
---------------------
[1385982665.96] Converting :
DESCRIBE cm_options;
---- to ----
SELECT pg_attribute.attname AS "Field",
		CASE pg_type.typname
		WHEN 'int2' THEN 'int(4)'
		WHEN 'int4' THEN 'int(11)'
		WHEN 'int8' THEN 'bigint(20) unsigned'
		WHEN 'varchar' THEN 'varchar(' || pg_attribute.atttypmod-4 || ')'
		WHEN 'timestamp' THEN 'datetime'
		WHEN 'text' THEN 'longtext'
		ELSE pg_type.typname
		END AS "Type",
		CASE WHEN pg_attribute.attnotnull THEN ''
		ELSE 'YES'
		END AS "Null",
		CASE pg_type.typname
		WHEN 'varchar' THEN substring(pg_attrdef.adsrc FROM '^''(.*)''.*$')
		WHEN 'timestamp' THEN CASE WHEN pg_attrdef.adsrc LIKE '%now()%' THEN '0000-00-00 00:00:00' ELSE pg_attrdef.adsrc END
		ELSE pg_attrdef.adsrc
		END AS "Default"
		FROM pg_class
		INNER JOIN pg_attribute
		ON (pg_class.oid=pg_attribute.attrelid)
		INNER JOIN pg_type
		ON (pg_attribute.atttypid=pg_type.oid)
		LEFT JOIN pg_attrdef
		ON (pg_class.oid=pg_attrdef.adrelid AND pg_attribute.attnum=pg_attrdef.adnum)
		WHERE pg_class.relname='test.cm_options' AND pg_attribute.attnum>=1 AND NOT pg_attribute.attisdropped;
---------------------
[1385982665.96] Converting :
DESCRIBE cm_postmeta;
---- to ----
SELECT pg_attribute.attname AS "Field",
		CASE pg_type.typname
		WHEN 'int2' THEN 'int(4)'
		WHEN 'int4' THEN 'int(11)'
		WHEN 'int8' THEN 'bigint(20) unsigned'
		WHEN 'varchar' THEN 'varchar(' || pg_attribute.atttypmod-4 || ')'
		WHEN 'timestamp' THEN 'datetime'
		WHEN 'text' THEN 'longtext'
		ELSE pg_type.typname
		END AS "Type",
		CASE WHEN pg_attribute.attnotnull THEN ''
		ELSE 'YES'
		END AS "Null",
		CASE pg_type.typname
		WHEN 'varchar' THEN substring(pg_attrdef.adsrc FROM '^''(.*)''.*$')
		WHEN 'timestamp' THEN CASE WHEN pg_attrdef.adsrc LIKE '%now()%' THEN '0000-00-00 00:00:00' ELSE pg_attrdef.adsrc END
		ELSE pg_attrdef.adsrc
		END AS "Default"
		FROM pg_class
		INNER JOIN pg_attribute
		ON (pg_class.oid=pg_attribute.attrelid)
		INNER JOIN pg_type
		ON (pg_attribute.atttypid=pg_type.oid)
		LEFT JOIN pg_attrdef
		ON (pg_class.oid=pg_attrdef.adrelid AND pg_attribute.attnum=pg_attrdef.adnum)
		WHERE pg_class.relname='test.cm_postmeta' AND pg_attribute.attnum>=1 AND NOT pg_attribute.attisdropped;
---------------------
[1385982665.96] Converting :
DESCRIBE cm_terms;
---- to ----
SELECT pg_attribute.attname AS "Field",
		CASE pg_type.typname
		WHEN 'int2' THEN 'int(4)'
		WHEN 'int4' THEN 'int(11)'
		WHEN 'int8' THEN 'bigint(20) unsigned'
		WHEN 'varchar' THEN 'varchar(' || pg_attribute.atttypmod-4 || ')'
		WHEN 'timestamp' THEN 'datetime'
		WHEN 'text' THEN 'longtext'
		ELSE pg_type.typname
		END AS "Type",
		CASE WHEN pg_attribute.attnotnull THEN ''
		ELSE 'YES'
		END AS "Null",
		CASE pg_type.typname
		WHEN 'varchar' THEN substring(pg_attrdef.adsrc FROM '^''(.*)''.*$')
		WHEN 'timestamp' THEN CASE WHEN pg_attrdef.adsrc LIKE '%now()%' THEN '0000-00-00 00:00:00' ELSE pg_attrdef.adsrc END
		ELSE pg_attrdef.adsrc
		END AS "Default"
		FROM pg_class
		INNER JOIN pg_attribute
		ON (pg_class.oid=pg_attribute.attrelid)
		INNER JOIN pg_type
		ON (pg_attribute.atttypid=pg_type.oid)
		LEFT JOIN pg_attrdef
		ON (pg_class.oid=pg_attrdef.adrelid AND pg_attribute.attnum=pg_attrdef.adnum)
		WHERE pg_class.relname='test.cm_terms' AND pg_attribute.attnum>=1 AND NOT pg_attribute.attisdropped;
---------------------
[1385982665.96] Converting :
DESCRIBE cm_term_taxonomy;
---- to ----
SELECT pg_attribute.attname AS "Field",
		CASE pg_type.typname
		WHEN 'int2' THEN 'int(4)'
		WHEN 'int4' THEN 'int(11)'
		WHEN 'int8' THEN 'bigint(20) unsigned'
		WHEN 'varchar' THEN 'varchar(' || pg_attribute.atttypmod-4 || ')'
		WHEN 'timestamp' THEN 'datetime'
		WHEN 'text' THEN 'longtext'
		ELSE pg_type.typname
		END AS "Type",
		CASE WHEN pg_attribute.attnotnull THEN ''
		ELSE 'YES'
		END AS "Null",
		CASE pg_type.typname
		WHEN 'varchar' THEN substring(pg_attrdef.adsrc FROM '^''(.*)''.*$')
		WHEN 'timestamp' THEN CASE WHEN pg_attrdef.adsrc LIKE '%now()%' THEN '0000-00-00 00:00:00' ELSE pg_attrdef.adsrc END
		ELSE pg_attrdef.adsrc
		END AS "Default"
		FROM pg_class
		INNER JOIN pg_attribute
		ON (pg_class.oid=pg_attribute.attrelid)
		INNER JOIN pg_type
		ON (pg_attribute.atttypid=pg_type.oid)
		LEFT JOIN pg_attrdef
		ON (pg_class.oid=pg_attrdef.adrelid AND pg_attribute.attnum=pg_attrdef.adnum)
		WHERE pg_class.relname='test.cm_term_taxonomy' AND pg_attribute.attnum>=1 AND NOT pg_attribute.attisdropped;
---------------------
[1385982665.96] Converting :
DESCRIBE cm_term_relationships;
---- to ----
SELECT pg_attribute.attname AS "Field",
		CASE pg_type.typname
		WHEN 'int2' THEN 'int(4)'
		WHEN 'int4' THEN 'int(11)'
		WHEN 'int8' THEN 'bigint(20) unsigned'
		WHEN 'varchar' THEN 'varchar(' || pg_attribute.atttypmod-4 || ')'
		WHEN 'timestamp' THEN 'datetime'
		WHEN 'text' THEN 'longtext'
		ELSE pg_type.typname
		END AS "Type",
		CASE WHEN pg_attribute.attnotnull THEN ''
		ELSE 'YES'
		END AS "Null",
		CASE pg_type.typname
		WHEN 'varchar' THEN substring(pg_attrdef.adsrc FROM '^''(.*)''.*$')
		WHEN 'timestamp' THEN CASE WHEN pg_attrdef.adsrc LIKE '%now()%' THEN '0000-00-00 00:00:00' ELSE pg_attrdef.adsrc END
		ELSE pg_attrdef.adsrc
		END AS "Default"
		FROM pg_class
		INNER JOIN pg_attribute
		ON (pg_class.oid=pg_attribute.attrelid)
		INNER JOIN pg_type
		ON (pg_attribute.atttypid=pg_type.oid)
		LEFT JOIN pg_attrdef
		ON (pg_class.oid=pg_attrdef.adrelid AND pg_attribute.attnum=pg_attrdef.adnum)
		WHERE pg_class.relname='test.cm_term_relationships' AND pg_attribute.attnum>=1 AND NOT pg_attribute.attisdropped;
---------------------
[1385982665.97] Converting :
DESCRIBE cm_commentmeta;
---- to ----
SELECT pg_attribute.attname AS "Field",
		CASE pg_type.typname
		WHEN 'int2' THEN 'int(4)'
		WHEN 'int4' THEN 'int(11)'
		WHEN 'int8' THEN 'bigint(20) unsigned'
		WHEN 'varchar' THEN 'varchar(' || pg_attribute.atttypmod-4 || ')'
		WHEN 'timestamp' THEN 'datetime'
		WHEN 'text' THEN 'longtext'
		ELSE pg_type.typname
		END AS "Type",
		CASE WHEN pg_attribute.attnotnull THEN ''
		ELSE 'YES'
		END AS "Null",
		CASE pg_type.typname
		WHEN 'varchar' THEN substring(pg_attrdef.adsrc FROM '^''(.*)''.*$')
		WHEN 'timestamp' THEN CASE WHEN pg_attrdef.adsrc LIKE '%now()%' THEN '0000-00-00 00:00:00' ELSE pg_attrdef.adsrc END
		ELSE pg_attrdef.adsrc
		END AS "Default"
		FROM pg_class
		INNER JOIN pg_attribute
		ON (pg_class.oid=pg_attribute.attrelid)
		INNER JOIN pg_type
		ON (pg_attribute.atttypid=pg_type.oid)
		LEFT JOIN pg_attrdef
		ON (pg_class.oid=pg_attrdef.adrelid AND pg_attribute.attnum=pg_attrdef.adnum)
		WHERE pg_class.relname='test.cm_commentmeta' AND pg_attribute.attnum>=1 AND NOT pg_attribute.attisdropped;
---------------------
[1385982666.14] Converting :
DESCRIBE cm_users;
---- to ----
SELECT pg_attribute.attname AS "Field",
		CASE pg_type.typname
		WHEN 'int2' THEN 'int(4)'
		WHEN 'int4' THEN 'int(11)'
		WHEN 'int8' THEN 'bigint(20) unsigned'
		WHEN 'varchar' THEN 'varchar(' || pg_attribute.atttypmod-4 || ')'
		WHEN 'timestamp' THEN 'datetime'
		WHEN 'text' THEN 'longtext'
		ELSE pg_type.typname
		END AS "Type",
		CASE WHEN pg_attribute.attnotnull THEN ''
		ELSE 'YES'
		END AS "Null",
		CASE pg_type.typname
		WHEN 'varchar' THEN substring(pg_attrdef.adsrc FROM '^''(.*)''.*$')
		WHEN 'timestamp' THEN CASE WHEN pg_attrdef.adsrc LIKE '%now()%' THEN '0000-00-00 00:00:00' ELSE pg_attrdef.adsrc END
		ELSE pg_attrdef.adsrc
		END AS "Default"
		FROM pg_class
		INNER JOIN pg_attribute
		ON (pg_class.oid=pg_attribute.attrelid)
		INNER JOIN pg_type
		ON (pg_attribute.atttypid=pg_type.oid)
		LEFT JOIN pg_attrdef
		ON (pg_class.oid=pg_attrdef.adrelid AND pg_attribute.attnum=pg_attrdef.adnum)
		WHERE pg_class.relname='test.cm_users' AND pg_attribute.attnum>=1 AND NOT pg_attribute.attisdropped;
---------------------
[1385982666.15] Converting :
DESCRIBE cm_usermeta;
---- to ----
SELECT pg_attribute.attname AS "Field",
		CASE pg_type.typname
		WHEN 'int2' THEN 'int(4)'
		WHEN 'int4' THEN 'int(11)'
		WHEN 'int8' THEN 'bigint(20) unsigned'
		WHEN 'varchar' THEN 'varchar(' || pg_attribute.atttypmod-4 || ')'
		WHEN 'timestamp' THEN 'datetime'
		WHEN 'text' THEN 'longtext'
		ELSE pg_type.typname
		END AS "Type",
		CASE WHEN pg_attribute.attnotnull THEN ''
		ELSE 'YES'
		END AS "Null",
		CASE pg_type.typname
		WHEN 'varchar' THEN substring(pg_attrdef.adsrc FROM '^''(.*)''.*$')
		WHEN 'timestamp' THEN CASE WHEN pg_attrdef.adsrc LIKE '%now()%' THEN '0000-00-00 00:00:00' ELSE pg_attrdef.adsrc END
		ELSE pg_attrdef.adsrc
		END AS "Default"
		FROM pg_class
		INNER JOIN pg_attribute
		ON (pg_class.oid=pg_attribute.attrelid)
		INNER JOIN pg_type
		ON (pg_attribute.atttypid=pg_type.oid)
		LEFT JOIN pg_attrdef
		ON (pg_class.oid=pg_attrdef.adrelid AND pg_attribute.attnum=pg_attrdef.adnum)
		WHERE pg_class.relname='test.cm_usermeta' AND pg_attribute.attnum>=1 AND NOT pg_attribute.attisdropped;
---------------------
[1385982666.15] Converting :
DESCRIBE cm_posts;
---- to ----
SELECT pg_attribute.attname AS "Field",
		CASE pg_type.typname
		WHEN 'int2' THEN 'int(4)'
		WHEN 'int4' THEN 'int(11)'
		WHEN 'int8' THEN 'bigint(20) unsigned'
		WHEN 'varchar' THEN 'varchar(' || pg_attribute.atttypmod-4 || ')'
		WHEN 'timestamp' THEN 'datetime'
		WHEN 'text' THEN 'longtext'
		ELSE pg_type.typname
		END AS "Type",
		CASE WHEN pg_attribute.attnotnull THEN ''
		ELSE 'YES'
		END AS "Null",
		CASE pg_type.typname
		WHEN 'varchar' THEN substring(pg_attrdef.adsrc FROM '^''(.*)''.*$')
		WHEN 'timestamp' THEN CASE WHEN pg_attrdef.adsrc LIKE '%now()%' THEN '0000-00-00 00:00:00' ELSE pg_attrdef.adsrc END
		ELSE pg_attrdef.adsrc
		END AS "Default"
		FROM pg_class
		INNER JOIN pg_attribute
		ON (pg_class.oid=pg_attribute.attrelid)
		INNER JOIN pg_type
		ON (pg_attribute.atttypid=pg_type.oid)
		LEFT JOIN pg_attrdef
		ON (pg_class.oid=pg_attrdef.adrelid AND pg_attribute.attnum=pg_attrdef.adnum)
		WHERE pg_class.relname='test.cm_posts' AND pg_attribute.attnum>=1 AND NOT pg_attribute.attisdropped;
---------------------
[1385982666.15] Converting :
DESCRIBE cm_comments;
---- to ----
SELECT pg_attribute.attname AS "Field",
		CASE pg_type.typname
		WHEN 'int2' THEN 'int(4)'
		WHEN 'int4' THEN 'int(11)'
		WHEN 'int8' THEN 'bigint(20) unsigned'
		WHEN 'varchar' THEN 'varchar(' || pg_attribute.atttypmod-4 || ')'
		WHEN 'timestamp' THEN 'datetime'
		WHEN 'text' THEN 'longtext'
		ELSE pg_type.typname
		END AS "Type",
		CASE WHEN pg_attribute.attnotnull THEN ''
		ELSE 'YES'
		END AS "Null",
		CASE pg_type.typname
		WHEN 'varchar' THEN substring(pg_attrdef.adsrc FROM '^''(.*)''.*$')
		WHEN 'timestamp' THEN CASE WHEN pg_attrdef.adsrc LIKE '%now()%' THEN '0000-00-00 00:00:00' ELSE pg_attrdef.adsrc END
		ELSE pg_attrdef.adsrc
		END AS "Default"
		FROM pg_class
		INNER JOIN pg_attribute
		ON (pg_class.oid=pg_attribute.attrelid)
		INNER JOIN pg_type
		ON (pg_attribute.atttypid=pg_type.oid)
		LEFT JOIN pg_attrdef
		ON (pg_class.oid=pg_attrdef.adrelid AND pg_attribute.attnum=pg_attrdef.adnum)
		WHERE pg_class.relname='test.cm_comments' AND pg_attribute.attnum>=1 AND NOT pg_attribute.attisdropped;
---------------------
[1385982666.15] Converting :
DESCRIBE cm_links;
---- to ----
SELECT pg_attribute.attname AS "Field",
		CASE pg_type.typname
		WHEN 'int2' THEN 'int(4)'
		WHEN 'int4' THEN 'int(11)'
		WHEN 'int8' THEN 'bigint(20) unsigned'
		WHEN 'varchar' THEN 'varchar(' || pg_attribute.atttypmod-4 || ')'
		WHEN 'timestamp' THEN 'datetime'
		WHEN 'text' THEN 'longtext'
		ELSE pg_type.typname
		END AS "Type",
		CASE WHEN pg_attribute.attnotnull THEN ''
		ELSE 'YES'
		END AS "Null",
		CASE pg_type.typname
		WHEN 'varchar' THEN substring(pg_attrdef.adsrc FROM '^''(.*)''.*$')
		WHEN 'timestamp' THEN CASE WHEN pg_attrdef.adsrc LIKE '%now()%' THEN '0000-00-00 00:00:00' ELSE pg_attrdef.adsrc END
		ELSE pg_attrdef.adsrc
		END AS "Default"
		FROM pg_class
		INNER JOIN pg_attribute
		ON (pg_class.oid=pg_attribute.attrelid)
		INNER JOIN pg_type
		ON (pg_attribute.atttypid=pg_type.oid)
		LEFT JOIN pg_attrdef
		ON (pg_class.oid=pg_attrdef.adrelid AND pg_attribute.attnum=pg_attrdef.adnum)
		WHERE pg_class.relname='test.cm_links' AND pg_attribute.attnum>=1 AND NOT pg_attribute.attisdropped;
---------------------
[1385982666.15] Converting :
DESCRIBE cm_options;
---- to ----
SELECT pg_attribute.attname AS "Field",
		CASE pg_type.typname
		WHEN 'int2' THEN 'int(4)'
		WHEN 'int4' THEN 'int(11)'
		WHEN 'int8' THEN 'bigint(20) unsigned'
		WHEN 'varchar' THEN 'varchar(' || pg_attribute.atttypmod-4 || ')'
		WHEN 'timestamp' THEN 'datetime'
		WHEN 'text' THEN 'longtext'
		ELSE pg_type.typname
		END AS "Type",
		CASE WHEN pg_attribute.attnotnull THEN ''
		ELSE 'YES'
		END AS "Null",
		CASE pg_type.typname
		WHEN 'varchar' THEN substring(pg_attrdef.adsrc FROM '^''(.*)''.*$')
		WHEN 'timestamp' THEN CASE WHEN pg_attrdef.adsrc LIKE '%now()%' THEN '0000-00-00 00:00:00' ELSE pg_attrdef.adsrc END
		ELSE pg_attrdef.adsrc
		END AS "Default"
		FROM pg_class
		INNER JOIN pg_attribute
		ON (pg_class.oid=pg_attribute.attrelid)
		INNER JOIN pg_type
		ON (pg_attribute.atttypid=pg_type.oid)
		LEFT JOIN pg_attrdef
		ON (pg_class.oid=pg_attrdef.adrelid AND pg_attribute.attnum=pg_attrdef.adnum)
		WHERE pg_class.relname='test.cm_options' AND pg_attribute.attnum>=1 AND NOT pg_attribute.attisdropped;
---------------------
[1385982666.15] Converting :
DESCRIBE cm_postmeta;
---- to ----
SELECT pg_attribute.attname AS "Field",
		CASE pg_type.typname
		WHEN 'int2' THEN 'int(4)'
		WHEN 'int4' THEN 'int(11)'
		WHEN 'int8' THEN 'bigint(20) unsigned'
		WHEN 'varchar' THEN 'varchar(' || pg_attribute.atttypmod-4 || ')'
		WHEN 'timestamp' THEN 'datetime'
		WHEN 'text' THEN 'longtext'
		ELSE pg_type.typname
		END AS "Type",
		CASE WHEN pg_attribute.attnotnull THEN ''
		ELSE 'YES'
		END AS "Null",
		CASE pg_type.typname
		WHEN 'varchar' THEN substring(pg_attrdef.adsrc FROM '^''(.*)''.*$')
		WHEN 'timestamp' THEN CASE WHEN pg_attrdef.adsrc LIKE '%now()%' THEN '0000-00-00 00:00:00' ELSE pg_attrdef.adsrc END
		ELSE pg_attrdef.adsrc
		END AS "Default"
		FROM pg_class
		INNER JOIN pg_attribute
		ON (pg_class.oid=pg_attribute.attrelid)
		INNER JOIN pg_type
		ON (pg_attribute.atttypid=pg_type.oid)
		LEFT JOIN pg_attrdef
		ON (pg_class.oid=pg_attrdef.adrelid AND pg_attribute.attnum=pg_attrdef.adnum)
		WHERE pg_class.relname='test.cm_postmeta' AND pg_attribute.attnum>=1 AND NOT pg_attribute.attisdropped;
---------------------
[1385982666.15] Converting :
DESCRIBE cm_terms;
---- to ----
SELECT pg_attribute.attname AS "Field",
		CASE pg_type.typname
		WHEN 'int2' THEN 'int(4)'
		WHEN 'int4' THEN 'int(11)'
		WHEN 'int8' THEN 'bigint(20) unsigned'
		WHEN 'varchar' THEN 'varchar(' || pg_attribute.atttypmod-4 || ')'
		WHEN 'timestamp' THEN 'datetime'
		WHEN 'text' THEN 'longtext'
		ELSE pg_type.typname
		END AS "Type",
		CASE WHEN pg_attribute.attnotnull THEN ''
		ELSE 'YES'
		END AS "Null",
		CASE pg_type.typname
		WHEN 'varchar' THEN substring(pg_attrdef.adsrc FROM '^''(.*)''.*$')
		WHEN 'timestamp' THEN CASE WHEN pg_attrdef.adsrc LIKE '%now()%' THEN '0000-00-00 00:00:00' ELSE pg_attrdef.adsrc END
		ELSE pg_attrdef.adsrc
		END AS "Default"
		FROM pg_class
		INNER JOIN pg_attribute
		ON (pg_class.oid=pg_attribute.attrelid)
		INNER JOIN pg_type
		ON (pg_attribute.atttypid=pg_type.oid)
		LEFT JOIN pg_attrdef
		ON (pg_class.oid=pg_attrdef.adrelid AND pg_attribute.attnum=pg_attrdef.adnum)
		WHERE pg_class.relname='test.cm_terms' AND pg_attribute.attnum>=1 AND NOT pg_attribute.attisdropped;
---------------------
[1385982666.16] Converting :
DESCRIBE cm_term_taxonomy;
---- to ----
SELECT pg_attribute.attname AS "Field",
		CASE pg_type.typname
		WHEN 'int2' THEN 'int(4)'
		WHEN 'int4' THEN 'int(11)'
		WHEN 'int8' THEN 'bigint(20) unsigned'
		WHEN 'varchar' THEN 'varchar(' || pg_attribute.atttypmod-4 || ')'
		WHEN 'timestamp' THEN 'datetime'
		WHEN 'text' THEN 'longtext'
		ELSE pg_type.typname
		END AS "Type",
		CASE WHEN pg_attribute.attnotnull THEN ''
		ELSE 'YES'
		END AS "Null",
		CASE pg_type.typname
		WHEN 'varchar' THEN substring(pg_attrdef.adsrc FROM '^''(.*)''.*$')
		WHEN 'timestamp' THEN CASE WHEN pg_attrdef.adsrc LIKE '%now()%' THEN '0000-00-00 00:00:00' ELSE pg_attrdef.adsrc END
		ELSE pg_attrdef.adsrc
		END AS "Default"
		FROM pg_class
		INNER JOIN pg_attribute
		ON (pg_class.oid=pg_attribute.attrelid)
		INNER JOIN pg_type
		ON (pg_attribute.atttypid=pg_type.oid)
		LEFT JOIN pg_attrdef
		ON (pg_class.oid=pg_attrdef.adrelid AND pg_attribute.attnum=pg_attrdef.adnum)
		WHERE pg_class.relname='test.cm_term_taxonomy' AND pg_attribute.attnum>=1 AND NOT pg_attribute.attisdropped;
---------------------
[1385982666.16] Converting :
DESCRIBE cm_term_relationships;
---- to ----
SELECT pg_attribute.attname AS "Field",
		CASE pg_type.typname
		WHEN 'int2' THEN 'int(4)'
		WHEN 'int4' THEN 'int(11)'
		WHEN 'int8' THEN 'bigint(20) unsigned'
		WHEN 'varchar' THEN 'varchar(' || pg_attribute.atttypmod-4 || ')'
		WHEN 'timestamp' THEN 'datetime'
		WHEN 'text' THEN 'longtext'
		ELSE pg_type.typname
		END AS "Type",
		CASE WHEN pg_attribute.attnotnull THEN ''
		ELSE 'YES'
		END AS "Null",
		CASE pg_type.typname
		WHEN 'varchar' THEN substring(pg_attrdef.adsrc FROM '^''(.*)''.*$')
		WHEN 'timestamp' THEN CASE WHEN pg_attrdef.adsrc LIKE '%now()%' THEN '0000-00-00 00:00:00' ELSE pg_attrdef.adsrc END
		ELSE pg_attrdef.adsrc
		END AS "Default"
		FROM pg_class
		INNER JOIN pg_attribute
		ON (pg_class.oid=pg_attribute.attrelid)
		INNER JOIN pg_type
		ON (pg_attribute.atttypid=pg_type.oid)
		LEFT JOIN pg_attrdef
		ON (pg_class.oid=pg_attrdef.adrelid AND pg_attribute.attnum=pg_attrdef.adnum)
		WHERE pg_class.relname='test.cm_term_relationships' AND pg_attribute.attnum>=1 AND NOT pg_attribute.attisdropped;
---------------------
[1385982666.16] Converting :
DESCRIBE cm_commentmeta;
---- to ----
SELECT pg_attribute.attname AS "Field",
		CASE pg_type.typname
		WHEN 'int2' THEN 'int(4)'
		WHEN 'int4' THEN 'int(11)'
		WHEN 'int8' THEN 'bigint(20) unsigned'
		WHEN 'varchar' THEN 'varchar(' || pg_attribute.atttypmod-4 || ')'
		WHEN 'timestamp' THEN 'datetime'
		WHEN 'text' THEN 'longtext'
		ELSE pg_type.typname
		END AS "Type",
		CASE WHEN pg_attribute.attnotnull THEN ''
		ELSE 'YES'
		END AS "Null",
		CASE pg_type.typname
		WHEN 'varchar' THEN substring(pg_attrdef.adsrc FROM '^''(.*)''.*$')
		WHEN 'timestamp' THEN CASE WHEN pg_attrdef.adsrc LIKE '%now()%' THEN '0000-00-00 00:00:00' ELSE pg_attrdef.adsrc END
		ELSE pg_attrdef.adsrc
		END AS "Default"
		FROM pg_class
		INNER JOIN pg_attribute
		ON (pg_class.oid=pg_attribute.attrelid)
		INNER JOIN pg_type
		ON (pg_attribute.atttypid=pg_type.oid)
		LEFT JOIN pg_attrdef
		ON (pg_class.oid=pg_attrdef.adrelid AND pg_attribute.attnum=pg_attrdef.adnum)
		WHERE pg_class.relname='test.cm_commentmeta' AND pg_attribute.attnum>=1 AND NOT pg_attribute.attisdropped;
---------------------
[1385982666.26] Converting :
DESCRIBE cm_users;
---- to ----
SELECT pg_attribute.attname AS "Field",
		CASE pg_type.typname
		WHEN 'int2' THEN 'int(4)'
		WHEN 'int4' THEN 'int(11)'
		WHEN 'int8' THEN 'bigint(20) unsigned'
		WHEN 'varchar' THEN 'varchar(' || pg_attribute.atttypmod-4 || ')'
		WHEN 'timestamp' THEN 'datetime'
		WHEN 'text' THEN 'longtext'
		ELSE pg_type.typname
		END AS "Type",
		CASE WHEN pg_attribute.attnotnull THEN ''
		ELSE 'YES'
		END AS "Null",
		CASE pg_type.typname
		WHEN 'varchar' THEN substring(pg_attrdef.adsrc FROM '^''(.*)''.*$')
		WHEN 'timestamp' THEN CASE WHEN pg_attrdef.adsrc LIKE '%now()%' THEN '0000-00-00 00:00:00' ELSE pg_attrdef.adsrc END
		ELSE pg_attrdef.adsrc
		END AS "Default"
		FROM pg_class
		INNER JOIN pg_attribute
		ON (pg_class.oid=pg_attribute.attrelid)
		INNER JOIN pg_type
		ON (pg_attribute.atttypid=pg_type.oid)
		LEFT JOIN pg_attrdef
		ON (pg_class.oid=pg_attrdef.adrelid AND pg_attribute.attnum=pg_attrdef.adnum)
		WHERE pg_class.relname='test.cm_users' AND pg_attribute.attnum>=1 AND NOT pg_attribute.attisdropped;
---------------------
[1385982666.26] Converting :
DESCRIBE cm_usermeta;
---- to ----
SELECT pg_attribute.attname AS "Field",
		CASE pg_type.typname
		WHEN 'int2' THEN 'int(4)'
		WHEN 'int4' THEN 'int(11)'
		WHEN 'int8' THEN 'bigint(20) unsigned'
		WHEN 'varchar' THEN 'varchar(' || pg_attribute.atttypmod-4 || ')'
		WHEN 'timestamp' THEN 'datetime'
		WHEN 'text' THEN 'longtext'
		ELSE pg_type.typname
		END AS "Type",
		CASE WHEN pg_attribute.attnotnull THEN ''
		ELSE 'YES'
		END AS "Null",
		CASE pg_type.typname
		WHEN 'varchar' THEN substring(pg_attrdef.adsrc FROM '^''(.*)''.*$')
		WHEN 'timestamp' THEN CASE WHEN pg_attrdef.adsrc LIKE '%now()%' THEN '0000-00-00 00:00:00' ELSE pg_attrdef.adsrc END
		ELSE pg_attrdef.adsrc
		END AS "Default"
		FROM pg_class
		INNER JOIN pg_attribute
		ON (pg_class.oid=pg_attribute.attrelid)
		INNER JOIN pg_type
		ON (pg_attribute.atttypid=pg_type.oid)
		LEFT JOIN pg_attrdef
		ON (pg_class.oid=pg_attrdef.adrelid AND pg_attribute.attnum=pg_attrdef.adnum)
		WHERE pg_class.relname='test.cm_usermeta' AND pg_attribute.attnum>=1 AND NOT pg_attribute.attisdropped;
---------------------
[1385982666.26] Converting :
DESCRIBE cm_posts;
---- to ----
SELECT pg_attribute.attname AS "Field",
		CASE pg_type.typname
		WHEN 'int2' THEN 'int(4)'
		WHEN 'int4' THEN 'int(11)'
		WHEN 'int8' THEN 'bigint(20) unsigned'
		WHEN 'varchar' THEN 'varchar(' || pg_attribute.atttypmod-4 || ')'
		WHEN 'timestamp' THEN 'datetime'
		WHEN 'text' THEN 'longtext'
		ELSE pg_type.typname
		END AS "Type",
		CASE WHEN pg_attribute.attnotnull THEN ''
		ELSE 'YES'
		END AS "Null",
		CASE pg_type.typname
		WHEN 'varchar' THEN substring(pg_attrdef.adsrc FROM '^''(.*)''.*$')
		WHEN 'timestamp' THEN CASE WHEN pg_attrdef.adsrc LIKE '%now()%' THEN '0000-00-00 00:00:00' ELSE pg_attrdef.adsrc END
		ELSE pg_attrdef.adsrc
		END AS "Default"
		FROM pg_class
		INNER JOIN pg_attribute
		ON (pg_class.oid=pg_attribute.attrelid)
		INNER JOIN pg_type
		ON (pg_attribute.atttypid=pg_type.oid)
		LEFT JOIN pg_attrdef
		ON (pg_class.oid=pg_attrdef.adrelid AND pg_attribute.attnum=pg_attrdef.adnum)
		WHERE pg_class.relname='test.cm_posts' AND pg_attribute.attnum>=1 AND NOT pg_attribute.attisdropped;
---------------------
[1385982666.26] Converting :
DESCRIBE cm_comments;
---- to ----
SELECT pg_attribute.attname AS "Field",
		CASE pg_type.typname
		WHEN 'int2' THEN 'int(4)'
		WHEN 'int4' THEN 'int(11)'
		WHEN 'int8' THEN 'bigint(20) unsigned'
		WHEN 'varchar' THEN 'varchar(' || pg_attribute.atttypmod-4 || ')'
		WHEN 'timestamp' THEN 'datetime'
		WHEN 'text' THEN 'longtext'
		ELSE pg_type.typname
		END AS "Type",
		CASE WHEN pg_attribute.attnotnull THEN ''
		ELSE 'YES'
		END AS "Null",
		CASE pg_type.typname
		WHEN 'varchar' THEN substring(pg_attrdef.adsrc FROM '^''(.*)''.*$')
		WHEN 'timestamp' THEN CASE WHEN pg_attrdef.adsrc LIKE '%now()%' THEN '0000-00-00 00:00:00' ELSE pg_attrdef.adsrc END
		ELSE pg_attrdef.adsrc
		END AS "Default"
		FROM pg_class
		INNER JOIN pg_attribute
		ON (pg_class.oid=pg_attribute.attrelid)
		INNER JOIN pg_type
		ON (pg_attribute.atttypid=pg_type.oid)
		LEFT JOIN pg_attrdef
		ON (pg_class.oid=pg_attrdef.adrelid AND pg_attribute.attnum=pg_attrdef.adnum)
		WHERE pg_class.relname='test.cm_comments' AND pg_attribute.attnum>=1 AND NOT pg_attribute.attisdropped;
---------------------
[1385982666.27] Converting :
DESCRIBE cm_links;
---- to ----
SELECT pg_attribute.attname AS "Field",
		CASE pg_type.typname
		WHEN 'int2' THEN 'int(4)'
		WHEN 'int4' THEN 'int(11)'
		WHEN 'int8' THEN 'bigint(20) unsigned'
		WHEN 'varchar' THEN 'varchar(' || pg_attribute.atttypmod-4 || ')'
		WHEN 'timestamp' THEN 'datetime'
		WHEN 'text' THEN 'longtext'
		ELSE pg_type.typname
		END AS "Type",
		CASE WHEN pg_attribute.attnotnull THEN ''
		ELSE 'YES'
		END AS "Null",
		CASE pg_type.typname
		WHEN 'varchar' THEN substring(pg_attrdef.adsrc FROM '^''(.*)''.*$')
		WHEN 'timestamp' THEN CASE WHEN pg_attrdef.adsrc LIKE '%now()%' THEN '0000-00-00 00:00:00' ELSE pg_attrdef.adsrc END
		ELSE pg_attrdef.adsrc
		END AS "Default"
		FROM pg_class
		INNER JOIN pg_attribute
		ON (pg_class.oid=pg_attribute.attrelid)
		INNER JOIN pg_type
		ON (pg_attribute.atttypid=pg_type.oid)
		LEFT JOIN pg_attrdef
		ON (pg_class.oid=pg_attrdef.adrelid AND pg_attribute.attnum=pg_attrdef.adnum)
		WHERE pg_class.relname='test.cm_links' AND pg_attribute.attnum>=1 AND NOT pg_attribute.attisdropped;
---------------------
[1385982666.27] Converting :
DESCRIBE cm_options;
---- to ----
SELECT pg_attribute.attname AS "Field",
		CASE pg_type.typname
		WHEN 'int2' THEN 'int(4)'
		WHEN 'int4' THEN 'int(11)'
		WHEN 'int8' THEN 'bigint(20) unsigned'
		WHEN 'varchar' THEN 'varchar(' || pg_attribute.atttypmod-4 || ')'
		WHEN 'timestamp' THEN 'datetime'
		WHEN 'text' THEN 'longtext'
		ELSE pg_type.typname
		END AS "Type",
		CASE WHEN pg_attribute.attnotnull THEN ''
		ELSE 'YES'
		END AS "Null",
		CASE pg_type.typname
		WHEN 'varchar' THEN substring(pg_attrdef.adsrc FROM '^''(.*)''.*$')
		WHEN 'timestamp' THEN CASE WHEN pg_attrdef.adsrc LIKE '%now()%' THEN '0000-00-00 00:00:00' ELSE pg_attrdef.adsrc END
		ELSE pg_attrdef.adsrc
		END AS "Default"
		FROM pg_class
		INNER JOIN pg_attribute
		ON (pg_class.oid=pg_attribute.attrelid)
		INNER JOIN pg_type
		ON (pg_attribute.atttypid=pg_type.oid)
		LEFT JOIN pg_attrdef
		ON (pg_class.oid=pg_attrdef.adrelid AND pg_attribute.attnum=pg_attrdef.adnum)
		WHERE pg_class.relname='test.cm_options' AND pg_attribute.attnum>=1 AND NOT pg_attribute.attisdropped;
---------------------
[1385982666.27] Converting :
DESCRIBE cm_postmeta;
---- to ----
SELECT pg_attribute.attname AS "Field",
		CASE pg_type.typname
		WHEN 'int2' THEN 'int(4)'
		WHEN 'int4' THEN 'int(11)'
		WHEN 'int8' THEN 'bigint(20) unsigned'
		WHEN 'varchar' THEN 'varchar(' || pg_attribute.atttypmod-4 || ')'
		WHEN 'timestamp' THEN 'datetime'
		WHEN 'text' THEN 'longtext'
		ELSE pg_type.typname
		END AS "Type",
		CASE WHEN pg_attribute.attnotnull THEN ''
		ELSE 'YES'
		END AS "Null",
		CASE pg_type.typname
		WHEN 'varchar' THEN substring(pg_attrdef.adsrc FROM '^''(.*)''.*$')
		WHEN 'timestamp' THEN CASE WHEN pg_attrdef.adsrc LIKE '%now()%' THEN '0000-00-00 00:00:00' ELSE pg_attrdef.adsrc END
		ELSE pg_attrdef.adsrc
		END AS "Default"
		FROM pg_class
		INNER JOIN pg_attribute
		ON (pg_class.oid=pg_attribute.attrelid)
		INNER JOIN pg_type
		ON (pg_attribute.atttypid=pg_type.oid)
		LEFT JOIN pg_attrdef
		ON (pg_class.oid=pg_attrdef.adrelid AND pg_attribute.attnum=pg_attrdef.adnum)
		WHERE pg_class.relname='test.cm_postmeta' AND pg_attribute.attnum>=1 AND NOT pg_attribute.attisdropped;
---------------------
[1385982666.27] Converting :
DESCRIBE cm_terms;
---- to ----
SELECT pg_attribute.attname AS "Field",
		CASE pg_type.typname
		WHEN 'int2' THEN 'int(4)'
		WHEN 'int4' THEN 'int(11)'
		WHEN 'int8' THEN 'bigint(20) unsigned'
		WHEN 'varchar' THEN 'varchar(' || pg_attribute.atttypmod-4 || ')'
		WHEN 'timestamp' THEN 'datetime'
		WHEN 'text' THEN 'longtext'
		ELSE pg_type.typname
		END AS "Type",
		CASE WHEN pg_attribute.attnotnull THEN ''
		ELSE 'YES'
		END AS "Null",
		CASE pg_type.typname
		WHEN 'varchar' THEN substring(pg_attrdef.adsrc FROM '^''(.*)''.*$')
		WHEN 'timestamp' THEN CASE WHEN pg_attrdef.adsrc LIKE '%now()%' THEN '0000-00-00 00:00:00' ELSE pg_attrdef.adsrc END
		ELSE pg_attrdef.adsrc
		END AS "Default"
		FROM pg_class
		INNER JOIN pg_attribute
		ON (pg_class.oid=pg_attribute.attrelid)
		INNER JOIN pg_type
		ON (pg_attribute.atttypid=pg_type.oid)
		LEFT JOIN pg_attrdef
		ON (pg_class.oid=pg_attrdef.adrelid AND pg_attribute.attnum=pg_attrdef.adnum)
		WHERE pg_class.relname='test.cm_terms' AND pg_attribute.attnum>=1 AND NOT pg_attribute.attisdropped;
---------------------
[1385982666.27] Converting :
DESCRIBE cm_term_taxonomy;
---- to ----
SELECT pg_attribute.attname AS "Field",
		CASE pg_type.typname
		WHEN 'int2' THEN 'int(4)'
		WHEN 'int4' THEN 'int(11)'
		WHEN 'int8' THEN 'bigint(20) unsigned'
		WHEN 'varchar' THEN 'varchar(' || pg_attribute.atttypmod-4 || ')'
		WHEN 'timestamp' THEN 'datetime'
		WHEN 'text' THEN 'longtext'
		ELSE pg_type.typname
		END AS "Type",
		CASE WHEN pg_attribute.attnotnull THEN ''
		ELSE 'YES'
		END AS "Null",
		CASE pg_type.typname
		WHEN 'varchar' THEN substring(pg_attrdef.adsrc FROM '^''(.*)''.*$')
		WHEN 'timestamp' THEN CASE WHEN pg_attrdef.adsrc LIKE '%now()%' THEN '0000-00-00 00:00:00' ELSE pg_attrdef.adsrc END
		ELSE pg_attrdef.adsrc
		END AS "Default"
		FROM pg_class
		INNER JOIN pg_attribute
		ON (pg_class.oid=pg_attribute.attrelid)
		INNER JOIN pg_type
		ON (pg_attribute.atttypid=pg_type.oid)
		LEFT JOIN pg_attrdef
		ON (pg_class.oid=pg_attrdef.adrelid AND pg_attribute.attnum=pg_attrdef.adnum)
		WHERE pg_class.relname='test.cm_term_taxonomy' AND pg_attribute.attnum>=1 AND NOT pg_attribute.attisdropped;
---------------------
[1385982666.27] Converting :
DESCRIBE cm_term_relationships;
---- to ----
SELECT pg_attribute.attname AS "Field",
		CASE pg_type.typname
		WHEN 'int2' THEN 'int(4)'
		WHEN 'int4' THEN 'int(11)'
		WHEN 'int8' THEN 'bigint(20) unsigned'
		WHEN 'varchar' THEN 'varchar(' || pg_attribute.atttypmod-4 || ')'
		WHEN 'timestamp' THEN 'datetime'
		WHEN 'text' THEN 'longtext'
		ELSE pg_type.typname
		END AS "Type",
		CASE WHEN pg_attribute.attnotnull THEN ''
		ELSE 'YES'
		END AS "Null",
		CASE pg_type.typname
		WHEN 'varchar' THEN substring(pg_attrdef.adsrc FROM '^''(.*)''.*$')
		WHEN 'timestamp' THEN CASE WHEN pg_attrdef.adsrc LIKE '%now()%' THEN '0000-00-00 00:00:00' ELSE pg_attrdef.adsrc END
		ELSE pg_attrdef.adsrc
		END AS "Default"
		FROM pg_class
		INNER JOIN pg_attribute
		ON (pg_class.oid=pg_attribute.attrelid)
		INNER JOIN pg_type
		ON (pg_attribute.atttypid=pg_type.oid)
		LEFT JOIN pg_attrdef
		ON (pg_class.oid=pg_attrdef.adrelid AND pg_attribute.attnum=pg_attrdef.adnum)
		WHERE pg_class.relname='test.cm_term_relationships' AND pg_attribute.attnum>=1 AND NOT pg_attribute.attisdropped;
---------------------
[1385982666.28] Converting :
DESCRIBE cm_commentmeta;
---- to ----
SELECT pg_attribute.attname AS "Field",
		CASE pg_type.typname
		WHEN 'int2' THEN 'int(4)'
		WHEN 'int4' THEN 'int(11)'
		WHEN 'int8' THEN 'bigint(20) unsigned'
		WHEN 'varchar' THEN 'varchar(' || pg_attribute.atttypmod-4 || ')'
		WHEN 'timestamp' THEN 'datetime'
		WHEN 'text' THEN 'longtext'
		ELSE pg_type.typname
		END AS "Type",
		CASE WHEN pg_attribute.attnotnull THEN ''
		ELSE 'YES'
		END AS "Null",
		CASE pg_type.typname
		WHEN 'varchar' THEN substring(pg_attrdef.adsrc FROM '^''(.*)''.*$')
		WHEN 'timestamp' THEN CASE WHEN pg_attrdef.adsrc LIKE '%now()%' THEN '0000-00-00 00:00:00' ELSE pg_attrdef.adsrc END
		ELSE pg_attrdef.adsrc
		END AS "Default"
		FROM pg_class
		INNER JOIN pg_attribute
		ON (pg_class.oid=pg_attribute.attrelid)
		INNER JOIN pg_type
		ON (pg_attribute.atttypid=pg_type.oid)
		LEFT JOIN pg_attrdef
		ON (pg_class.oid=pg_attrdef.adrelid AND pg_attribute.attnum=pg_attrdef.adnum)
		WHERE pg_class.relname='test.cm_commentmeta' AND pg_attribute.attnum>=1 AND NOT pg_attribute.attisdropped;
---------------------
[1385982666.28] Converting :
DESCRIBE cm_users;
---- to ----
SELECT pg_attribute.attname AS "Field",
		CASE pg_type.typname
		WHEN 'int2' THEN 'int(4)'
		WHEN 'int4' THEN 'int(11)'
		WHEN 'int8' THEN 'bigint(20) unsigned'
		WHEN 'varchar' THEN 'varchar(' || pg_attribute.atttypmod-4 || ')'
		WHEN 'timestamp' THEN 'datetime'
		WHEN 'text' THEN 'longtext'
		ELSE pg_type.typname
		END AS "Type",
		CASE WHEN pg_attribute.attnotnull THEN ''
		ELSE 'YES'
		END AS "Null",
		CASE pg_type.typname
		WHEN 'varchar' THEN substring(pg_attrdef.adsrc FROM '^''(.*)''.*$')
		WHEN 'timestamp' THEN CASE WHEN pg_attrdef.adsrc LIKE '%now()%' THEN '0000-00-00 00:00:00' ELSE pg_attrdef.adsrc END
		ELSE pg_attrdef.adsrc
		END AS "Default"
		FROM pg_class
		INNER JOIN pg_attribute
		ON (pg_class.oid=pg_attribute.attrelid)
		INNER JOIN pg_type
		ON (pg_attribute.atttypid=pg_type.oid)
		LEFT JOIN pg_attrdef
		ON (pg_class.oid=pg_attrdef.adrelid AND pg_attribute.attnum=pg_attrdef.adnum)
		WHERE pg_class.relname='test.cm_users' AND pg_attribute.attnum>=1 AND NOT pg_attribute.attisdropped;
---------------------
[1385982666.28] Converting :
DESCRIBE cm_usermeta;
---- to ----
SELECT pg_attribute.attname AS "Field",
		CASE pg_type.typname
		WHEN 'int2' THEN 'int(4)'
		WHEN 'int4' THEN 'int(11)'
		WHEN 'int8' THEN 'bigint(20) unsigned'
		WHEN 'varchar' THEN 'varchar(' || pg_attribute.atttypmod-4 || ')'
		WHEN 'timestamp' THEN 'datetime'
		WHEN 'text' THEN 'longtext'
		ELSE pg_type.typname
		END AS "Type",
		CASE WHEN pg_attribute.attnotnull THEN ''
		ELSE 'YES'
		END AS "Null",
		CASE pg_type.typname
		WHEN 'varchar' THEN substring(pg_attrdef.adsrc FROM '^''(.*)''.*$')
		WHEN 'timestamp' THEN CASE WHEN pg_attrdef.adsrc LIKE '%now()%' THEN '0000-00-00 00:00:00' ELSE pg_attrdef.adsrc END
		ELSE pg_attrdef.adsrc
		END AS "Default"
		FROM pg_class
		INNER JOIN pg_attribute
		ON (pg_class.oid=pg_attribute.attrelid)
		INNER JOIN pg_type
		ON (pg_attribute.atttypid=pg_type.oid)
		LEFT JOIN pg_attrdef
		ON (pg_class.oid=pg_attrdef.adrelid AND pg_attribute.attnum=pg_attrdef.adnum)
		WHERE pg_class.relname='test.cm_usermeta' AND pg_attribute.attnum>=1 AND NOT pg_attribute.attisdropped;
---------------------
[1385982666.28] Converting :
DESCRIBE cm_terms;
---- to ----
SELECT pg_attribute.attname AS "Field",
		CASE pg_type.typname
		WHEN 'int2' THEN 'int(4)'
		WHEN 'int4' THEN 'int(11)'
		WHEN 'int8' THEN 'bigint(20) unsigned'
		WHEN 'varchar' THEN 'varchar(' || pg_attribute.atttypmod-4 || ')'
		WHEN 'timestamp' THEN 'datetime'
		WHEN 'text' THEN 'longtext'
		ELSE pg_type.typname
		END AS "Type",
		CASE WHEN pg_attribute.attnotnull THEN ''
		ELSE 'YES'
		END AS "Null",
		CASE pg_type.typname
		WHEN 'varchar' THEN substring(pg_attrdef.adsrc FROM '^''(.*)''.*$')
		WHEN 'timestamp' THEN CASE WHEN pg_attrdef.adsrc LIKE '%now()%' THEN '0000-00-00 00:00:00' ELSE pg_attrdef.adsrc END
		ELSE pg_attrdef.adsrc
		END AS "Default"
		FROM pg_class
		INNER JOIN pg_attribute
		ON (pg_class.oid=pg_attribute.attrelid)
		INNER JOIN pg_type
		ON (pg_attribute.atttypid=pg_type.oid)
		LEFT JOIN pg_attrdef
		ON (pg_class.oid=pg_attrdef.adrelid AND pg_attribute.attnum=pg_attrdef.adnum)
		WHERE pg_class.relname='test.cm_terms' AND pg_attribute.attnum>=1 AND NOT pg_attribute.attisdropped;
---------------------
[1385982666.28] Converting :
DESCRIBE cm_term_taxonomy;
---- to ----
SELECT pg_attribute.attname AS "Field",
		CASE pg_type.typname
		WHEN 'int2' THEN 'int(4)'
		WHEN 'int4' THEN 'int(11)'
		WHEN 'int8' THEN 'bigint(20) unsigned'
		WHEN 'varchar' THEN 'varchar(' || pg_attribute.atttypmod-4 || ')'
		WHEN 'timestamp' THEN 'datetime'
		WHEN 'text' THEN 'longtext'
		ELSE pg_type.typname
		END AS "Type",
		CASE WHEN pg_attribute.attnotnull THEN ''
		ELSE 'YES'
		END AS "Null",
		CASE pg_type.typname
		WHEN 'varchar' THEN substring(pg_attrdef.adsrc FROM '^''(.*)''.*$')
		WHEN 'timestamp' THEN CASE WHEN pg_attrdef.adsrc LIKE '%now()%' THEN '0000-00-00 00:00:00' ELSE pg_attrdef.adsrc END
		ELSE pg_attrdef.adsrc
		END AS "Default"
		FROM pg_class
		INNER JOIN pg_attribute
		ON (pg_class.oid=pg_attribute.attrelid)
		INNER JOIN pg_type
		ON (pg_attribute.atttypid=pg_type.oid)
		LEFT JOIN pg_attrdef
		ON (pg_class.oid=pg_attrdef.adrelid AND pg_attribute.attnum=pg_attrdef.adnum)
		WHERE pg_class.relname='test.cm_term_taxonomy' AND pg_attribute.attnum>=1 AND NOT pg_attribute.attisdropped;
---------------------
[1385982666.29] Converting :
DESCRIBE cm_term_relationships;
---- to ----
SELECT pg_attribute.attname AS "Field",
		CASE pg_type.typname
		WHEN 'int2' THEN 'int(4)'
		WHEN 'int4' THEN 'int(11)'
		WHEN 'int8' THEN 'bigint(20) unsigned'
		WHEN 'varchar' THEN 'varchar(' || pg_attribute.atttypmod-4 || ')'
		WHEN 'timestamp' THEN 'datetime'
		WHEN 'text' THEN 'longtext'
		ELSE pg_type.typname
		END AS "Type",
		CASE WHEN pg_attribute.attnotnull THEN ''
		ELSE 'YES'
		END AS "Null",
		CASE pg_type.typname
		WHEN 'varchar' THEN substring(pg_attrdef.adsrc FROM '^''(.*)''.*$')
		WHEN 'timestamp' THEN CASE WHEN pg_attrdef.adsrc LIKE '%now()%' THEN '0000-00-00 00:00:00' ELSE pg_attrdef.adsrc END
		ELSE pg_attrdef.adsrc
		END AS "Default"
		FROM pg_class
		INNER JOIN pg_attribute
		ON (pg_class.oid=pg_attribute.attrelid)
		INNER JOIN pg_type
		ON (pg_attribute.atttypid=pg_type.oid)
		LEFT JOIN pg_attrdef
		ON (pg_class.oid=pg_attrdef.adrelid AND pg_attribute.attnum=pg_attrdef.adnum)
		WHERE pg_class.relname='test.cm_term_relationships' AND pg_attribute.attnum>=1 AND NOT pg_attribute.attisdropped;
---------------------
[1385982666.29] Converting :
DESCRIBE cm_commentmeta;
---- to ----
SELECT pg_attribute.attname AS "Field",
		CASE pg_type.typname
		WHEN 'int2' THEN 'int(4)'
		WHEN 'int4' THEN 'int(11)'
		WHEN 'int8' THEN 'bigint(20) unsigned'
		WHEN 'varchar' THEN 'varchar(' || pg_attribute.atttypmod-4 || ')'
		WHEN 'timestamp' THEN 'datetime'
		WHEN 'text' THEN 'longtext'
		ELSE pg_type.typname
		END AS "Type",
		CASE WHEN pg_attribute.attnotnull THEN ''
		ELSE 'YES'
		END AS "Null",
		CASE pg_type.typname
		WHEN 'varchar' THEN substring(pg_attrdef.adsrc FROM '^''(.*)''.*$')
		WHEN 'timestamp' THEN CASE WHEN pg_attrdef.adsrc LIKE '%now()%' THEN '0000-00-00 00:00:00' ELSE pg_attrdef.adsrc END
		ELSE pg_attrdef.adsrc
		END AS "Default"
		FROM pg_class
		INNER JOIN pg_attribute
		ON (pg_class.oid=pg_attribute.attrelid)
		INNER JOIN pg_type
		ON (pg_attribute.atttypid=pg_type.oid)
		LEFT JOIN pg_attrdef
		ON (pg_class.oid=pg_attrdef.adrelid AND pg_attribute.attnum=pg_attrdef.adnum)
		WHERE pg_class.relname='test.cm_commentmeta' AND pg_attribute.attnum>=1 AND NOT pg_attribute.attisdropped;
---------------------
[1385982666.29] Converting :
DESCRIBE cm_comments;
---- to ----
SELECT pg_attribute.attname AS "Field",
		CASE pg_type.typname
		WHEN 'int2' THEN 'int(4)'
		WHEN 'int4' THEN 'int(11)'
		WHEN 'int8' THEN 'bigint(20) unsigned'
		WHEN 'varchar' THEN 'varchar(' || pg_attribute.atttypmod-4 || ')'
		WHEN 'timestamp' THEN 'datetime'
		WHEN 'text' THEN 'longtext'
		ELSE pg_type.typname
		END AS "Type",
		CASE WHEN pg_attribute.attnotnull THEN ''
		ELSE 'YES'
		END AS "Null",
		CASE pg_type.typname
		WHEN 'varchar' THEN substring(pg_attrdef.adsrc FROM '^''(.*)''.*$')
		WHEN 'timestamp' THEN CASE WHEN pg_attrdef.adsrc LIKE '%now()%' THEN '0000-00-00 00:00:00' ELSE pg_attrdef.adsrc END
		ELSE pg_attrdef.adsrc
		END AS "Default"
		FROM pg_class
		INNER JOIN pg_attribute
		ON (pg_class.oid=pg_attribute.attrelid)
		INNER JOIN pg_type
		ON (pg_attribute.atttypid=pg_type.oid)
		LEFT JOIN pg_attrdef
		ON (pg_class.oid=pg_attrdef.adrelid AND pg_attribute.attnum=pg_attrdef.adnum)
		WHERE pg_class.relname='test.cm_comments' AND pg_attribute.attnum>=1 AND NOT pg_attribute.attisdropped;
---------------------
[1385982666.29] Converting :
DESCRIBE cm_links;
---- to ----
SELECT pg_attribute.attname AS "Field",
		CASE pg_type.typname
		WHEN 'int2' THEN 'int(4)'
		WHEN 'int4' THEN 'int(11)'
		WHEN 'int8' THEN 'bigint(20) unsigned'
		WHEN 'varchar' THEN 'varchar(' || pg_attribute.atttypmod-4 || ')'
		WHEN 'timestamp' THEN 'datetime'
		WHEN 'text' THEN 'longtext'
		ELSE pg_type.typname
		END AS "Type",
		CASE WHEN pg_attribute.attnotnull THEN ''
		ELSE 'YES'
		END AS "Null",
		CASE pg_type.typname
		WHEN 'varchar' THEN substring(pg_attrdef.adsrc FROM '^''(.*)''.*$')
		WHEN 'timestamp' THEN CASE WHEN pg_attrdef.adsrc LIKE '%now()%' THEN '0000-00-00 00:00:00' ELSE pg_attrdef.adsrc END
		ELSE pg_attrdef.adsrc
		END AS "Default"
		FROM pg_class
		INNER JOIN pg_attribute
		ON (pg_class.oid=pg_attribute.attrelid)
		INNER JOIN pg_type
		ON (pg_attribute.atttypid=pg_type.oid)
		LEFT JOIN pg_attrdef
		ON (pg_class.oid=pg_attrdef.adrelid AND pg_attribute.attnum=pg_attrdef.adnum)
		WHERE pg_class.relname='test.cm_links' AND pg_attribute.attnum>=1 AND NOT pg_attribute.attisdropped;
---------------------
[1385982666.29] Converting :
DESCRIBE cm_options;
---- to ----
SELECT pg_attribute.attname AS "Field",
		CASE pg_type.typname
		WHEN 'int2' THEN 'int(4)'
		WHEN 'int4' THEN 'int(11)'
		WHEN 'int8' THEN 'bigint(20) unsigned'
		WHEN 'varchar' THEN 'varchar(' || pg_attribute.atttypmod-4 || ')'
		WHEN 'timestamp' THEN 'datetime'
		WHEN 'text' THEN 'longtext'
		ELSE pg_type.typname
		END AS "Type",
		CASE WHEN pg_attribute.attnotnull THEN ''
		ELSE 'YES'
		END AS "Null",
		CASE pg_type.typname
		WHEN 'varchar' THEN substring(pg_attrdef.adsrc FROM '^''(.*)''.*$')
		WHEN 'timestamp' THEN CASE WHEN pg_attrdef.adsrc LIKE '%now()%' THEN '0000-00-00 00:00:00' ELSE pg_attrdef.adsrc END
		ELSE pg_attrdef.adsrc
		END AS "Default"
		FROM pg_class
		INNER JOIN pg_attribute
		ON (pg_class.oid=pg_attribute.attrelid)
		INNER JOIN pg_type
		ON (pg_attribute.atttypid=pg_type.oid)
		LEFT JOIN pg_attrdef
		ON (pg_class.oid=pg_attrdef.adrelid AND pg_attribute.attnum=pg_attrdef.adnum)
		WHERE pg_class.relname='test.cm_options' AND pg_attribute.attnum>=1 AND NOT pg_attribute.attisdropped;
---------------------
[1385982666.29] Converting :
DESCRIBE cm_postmeta;
---- to ----
SELECT pg_attribute.attname AS "Field",
		CASE pg_type.typname
		WHEN 'int2' THEN 'int(4)'
		WHEN 'int4' THEN 'int(11)'
		WHEN 'int8' THEN 'bigint(20) unsigned'
		WHEN 'varchar' THEN 'varchar(' || pg_attribute.atttypmod-4 || ')'
		WHEN 'timestamp' THEN 'datetime'
		WHEN 'text' THEN 'longtext'
		ELSE pg_type.typname
		END AS "Type",
		CASE WHEN pg_attribute.attnotnull THEN ''
		ELSE 'YES'
		END AS "Null",
		CASE pg_type.typname
		WHEN 'varchar' THEN substring(pg_attrdef.adsrc FROM '^''(.*)''.*$')
		WHEN 'timestamp' THEN CASE WHEN pg_attrdef.adsrc LIKE '%now()%' THEN '0000-00-00 00:00:00' ELSE pg_attrdef.adsrc END
		ELSE pg_attrdef.adsrc
		END AS "Default"
		FROM pg_class
		INNER JOIN pg_attribute
		ON (pg_class.oid=pg_attribute.attrelid)
		INNER JOIN pg_type
		ON (pg_attribute.atttypid=pg_type.oid)
		LEFT JOIN pg_attrdef
		ON (pg_class.oid=pg_attrdef.adrelid AND pg_attribute.attnum=pg_attrdef.adnum)
		WHERE pg_class.relname='test.cm_postmeta' AND pg_attribute.attnum>=1 AND NOT pg_attribute.attisdropped;
---------------------
[1385982666.3] Converting :
DESCRIBE cm_posts;
---- to ----
SELECT pg_attribute.attname AS "Field",
		CASE pg_type.typname
		WHEN 'int2' THEN 'int(4)'
		WHEN 'int4' THEN 'int(11)'
		WHEN 'int8' THEN 'bigint(20) unsigned'
		WHEN 'varchar' THEN 'varchar(' || pg_attribute.atttypmod-4 || ')'
		WHEN 'timestamp' THEN 'datetime'
		WHEN 'text' THEN 'longtext'
		ELSE pg_type.typname
		END AS "Type",
		CASE WHEN pg_attribute.attnotnull THEN ''
		ELSE 'YES'
		END AS "Null",
		CASE pg_type.typname
		WHEN 'varchar' THEN substring(pg_attrdef.adsrc FROM '^''(.*)''.*$')
		WHEN 'timestamp' THEN CASE WHEN pg_attrdef.adsrc LIKE '%now()%' THEN '0000-00-00 00:00:00' ELSE pg_attrdef.adsrc END
		ELSE pg_attrdef.adsrc
		END AS "Default"
		FROM pg_class
		INNER JOIN pg_attribute
		ON (pg_class.oid=pg_attribute.attrelid)
		INNER JOIN pg_type
		ON (pg_attribute.atttypid=pg_type.oid)
		LEFT JOIN pg_attrdef
		ON (pg_class.oid=pg_attrdef.adrelid AND pg_attribute.attnum=pg_attrdef.adnum)
		WHERE pg_class.relname='test.cm_posts' AND pg_attribute.attnum>=1 AND NOT pg_attribute.attisdropped;
---------------------
