[1385982187.02] Getting inserted ID for 'test.cm_options' ('option_name,') : SELECT CURRVAL('test.cm_options_seq') => 91
[1385982187.06] Getting inserted ID for 'test.cm_options' ('`option_name`,') : SELECT CURRVAL('test.cm_options_seq') => 92
[1385982192.19] Getting inserted ID for 'test.cm_users' ('') : SELECT CURRVAL('test.cm_users_seq') => 1
[1385982192.22] Getting inserted ID for 'test.cm_usermeta' ('') : SELECT CURRVAL('test.cm_usermeta_seq') => 1
[1385982192.23] Getting inserted ID for 'test.cm_usermeta' ('') : SELECT CURRVAL('test.cm_usermeta_seq') => 2
[1385982192.24] Getting inserted ID for 'test.cm_usermeta' ('') : SELECT CURRVAL('test.cm_usermeta_seq') => 3
[1385982192.24] Getting inserted ID for 'test.cm_usermeta' ('') : SELECT CURRVAL('test.cm_usermeta_seq') => 4
[1385982192.25] Getting inserted ID for 'test.cm_usermeta' ('') : SELECT CURRVAL('test.cm_usermeta_seq') => 5
[1385982192.26] Getting inserted ID for 'test.cm_usermeta' ('') : SELECT CURRVAL('test.cm_usermeta_seq') => 6
[1385982192.27] Getting inserted ID for 'test.cm_usermeta' ('') : SELECT CURRVAL('test.cm_usermeta_seq') => 7
[1385982192.27] Getting inserted ID for 'test.cm_usermeta' ('') : SELECT CURRVAL('test.cm_usermeta_seq') => 8
[1385982192.28] Getting inserted ID for 'test.cm_usermeta' ('') : SELECT CURRVAL('test.cm_usermeta_seq') => 9
[1385982192.29] Getting inserted ID for 'test.cm_usermeta' ('') : SELECT CURRVAL('test.cm_usermeta_seq') => 10
[1385982192.3] Getting inserted ID for 'test.cm_usermeta' ('') : SELECT CURRVAL('test.cm_usermeta_seq') => 11
[1385982192.3] Getting inserted ID for 'test.cm_usermeta' ('') : SELECT CURRVAL('test.cm_usermeta_seq') => 12
[1385982192.34] Getting inserted ID for 'test.cm_terms' ('') : SELECT CURRVAL('test.cm_terms_seq') => 
[1385982192.37] Getting inserted ID for 'test.cm_term_taxonomy' ('') : SELECT CURRVAL('test.cm_term_taxonomy_seq') => 1
[1385982192.4] Getting inserted ID for 'test.cm_posts' ('') : SELECT CURRVAL('test.cm_posts_seq') => 1
[1385982192.4] Getting inserted ID for 'test.cm_term_relationships' ('') : NO QUERY => 0
[1385982192.43] Getting inserted ID for 'test.cm_comments' ('') : SELECT CURRVAL('test.cm_comments_seq') => 1
[1385982192.44] Getting inserted ID for 'test.cm_posts' ('') : SELECT CURRVAL('test.cm_posts_seq') => 2
[1385982192.47] Getting inserted ID for 'test.cm_postmeta' ('') : SELECT CURRVAL('test.cm_postmeta_seq') => 1
[1385982192.47] Getting inserted ID for 'test.cm_options' ('`option_name`,') : SELECT CURRVAL('test.cm_options_seq') => 93
[1385982192.48] Getting inserted ID for 'test.cm_options' ('`option_name`,') : SELECT CURRVAL('test.cm_options_seq') => 94
[1385982192.49] Getting inserted ID for 'test.cm_options' ('`option_name`,') : SELECT CURRVAL('test.cm_options_seq') => 95
[1385982192.5] Getting inserted ID for 'test.cm_options' ('`option_name`,') : SELECT CURRVAL('test.cm_options_seq') => 96
[1385982192.51] Getting inserted ID for 'test.cm_options' ('`option_name`,') : SELECT CURRVAL('test.cm_options_seq') => 97
[1385982192.52] Getting inserted ID for 'test.cm_options' ('`option_name`,') : SELECT CURRVAL('test.cm_options_seq') => 98
[1385982192.53] Getting inserted ID for 'test.cm_usermeta' ('') : SELECT CURRVAL('test.cm_usermeta_seq') => 13
[1385982666.65] Getting inserted ID for 'test.cm_options' ('option_name,') : SELECT CURRVAL('test.cm_options_seq') => 91
[1385982666.7] Getting inserted ID for 'test.cm_options' ('`option_name`,') : SELECT CURRVAL('test.cm_options_seq') => 92
[1385982671.84] Getting inserted ID for 'test.cm_users' ('') : SELECT CURRVAL('test.cm_users_seq') => 1
[1385982671.87] Getting inserted ID for 'test.cm_usermeta' ('') : SELECT CURRVAL('test.cm_usermeta_seq') => 1
[1385982671.88] Getting inserted ID for 'test.cm_usermeta' ('') : SELECT CURRVAL('test.cm_usermeta_seq') => 2
[1385982671.88] Getting inserted ID for 'test.cm_usermeta' ('') : SELECT CURRVAL('test.cm_usermeta_seq') => 3
[1385982671.89] Getting inserted ID for 'test.cm_usermeta' ('') : SELECT CURRVAL('test.cm_usermeta_seq') => 4
[1385982671.9] Getting inserted ID for 'test.cm_usermeta' ('') : SELECT CURRVAL('test.cm_usermeta_seq') => 5
[1385982671.91] Getting inserted ID for 'test.cm_usermeta' ('') : SELECT CURRVAL('test.cm_usermeta_seq') => 6
[1385982671.91] Getting inserted ID for 'test.cm_usermeta' ('') : SELECT CURRVAL('test.cm_usermeta_seq') => 7
[1385982671.92] Getting inserted ID for 'test.cm_usermeta' ('') : SELECT CURRVAL('test.cm_usermeta_seq') => 8
[1385982671.93] Getting inserted ID for 'test.cm_usermeta' ('') : SELECT CURRVAL('test.cm_usermeta_seq') => 9
[1385982671.94] Getting inserted ID for 'test.cm_usermeta' ('') : SELECT CURRVAL('test.cm_usermeta_seq') => 10
[1385982671.95] Getting inserted ID for 'test.cm_usermeta' ('') : SELECT CURRVAL('test.cm_usermeta_seq') => 11
[1385982671.95] Getting inserted ID for 'test.cm_usermeta' ('') : SELECT CURRVAL('test.cm_usermeta_seq') => 12
[1385982671.99] Getting inserted ID for 'test.cm_terms' ('') : SELECT CURRVAL('test.cm_terms_seq') => 
[1385982672.02] Getting inserted ID for 'test.cm_term_taxonomy' ('') : SELECT CURRVAL('test.cm_term_taxonomy_seq') => 1
[1385982672.05] Getting inserted ID for 'test.cm_posts' ('') : SELECT CURRVAL('test.cm_posts_seq') => 1
[1385982672.05] Getting inserted ID for 'test.cm_term_relationships' ('') : NO QUERY => 0
[1385982672.08] Getting inserted ID for 'test.cm_comments' ('') : SELECT CURRVAL('test.cm_comments_seq') => 1
[1385982672.09] Getting inserted ID for 'test.cm_posts' ('') : SELECT CURRVAL('test.cm_posts_seq') => 2
[1385982672.12] Getting inserted ID for 'test.cm_postmeta' ('') : SELECT CURRVAL('test.cm_postmeta_seq') => 1
[1385982672.12] Getting inserted ID for 'test.cm_options' ('`option_name`,') : SELECT CURRVAL('test.cm_options_seq') => 93
[1385982672.13] Getting inserted ID for 'test.cm_options' ('`option_name`,') : SELECT CURRVAL('test.cm_options_seq') => 94
[1385982672.14] Getting inserted ID for 'test.cm_options' ('`option_name`,') : SELECT CURRVAL('test.cm_options_seq') => 95
[1385982672.15] Getting inserted ID for 'test.cm_options' ('`option_name`,') : SELECT CURRVAL('test.cm_options_seq') => 96
[1385982672.16] Getting inserted ID for 'test.cm_options' ('`option_name`,') : SELECT CURRVAL('test.cm_options_seq') => 97
[1385982672.17] Getting inserted ID for 'test.cm_options' ('`option_name`,') : SELECT CURRVAL('test.cm_options_seq') => 98
[1385982672.18] Getting inserted ID for 'test.cm_usermeta' ('') : SELECT CURRVAL('test.cm_usermeta_seq') => 13
